[2025-02-27 02:19:11] - ::1 - /
[2025-02-27 02:20:08] - ::1 - /
[2025-02-27 02:20:09] - ::1 - /
[2025-02-27 02:20:23] - ::1 - /
[2025-02-27 02:20:23] - ::1 - /
[2025-02-27 02:20:24] - ::1 - /
[2025-02-27 02:20:24] - ::1 - /
[2025-02-27 02:20:25] - ::1 - /
[2025-02-27 02:20:25] - ::1 - /
[2025-02-27 02:20:25] - ::1 - /
[2025-02-27 02:20:26] - ::1 - /
[2025-02-27 02:20:26] - ::1 - /
[2025-02-27 02:20:26] - ::1 - /
[2025-02-27 02:20:26] - ::1 - /
[2025-02-27 02:20:26] - ::1 - /
[2025-02-27 02:20:26] - ::1 - /
[2025-02-27 02:20:26] - ::1 - /
[2025-02-27 02:20:26] - ::1 - /
[2025-02-27 02:20:26] - ::1 - /
[2025-02-27 02:20:26] - ::1 - /
[2025-02-27 02:20:26] - ::1 - /
[2025-02-27 02:20:27] - ::1 - /
[2025-02-27 02:20:27] - ::1 - /
[2025-02-27 02:20:27] - ::1 - /
[2025-02-27 02:20:27] - ::1 - /
[2025-02-27 02:20:27] - ::1 - /
[2025-02-27 02:20:27] - ::1 - /
[2025-02-27 02:20:32] - ::1 - /
[2025-02-27 02:20:32] - ::1 - /
[2025-02-27 02:20:32] - ::1 - /
[2025-02-27 02:22:57] - ::1 - /
[2025-02-27 02:22:57] - ::1 - /
[2025-02-27 02:22:57] - ::1 - /
[2025-02-27 02:23:11] - ::1 - /
[2025-02-27 02:23:11] - ::1 - /
[2025-02-27 02:23:11] - ::1 - /
[2025-02-27 02:23:12] - ::1 - /
[2025-02-27 02:23:12] - ::1 - /
[2025-02-27 02:23:12] - ::1 - /
[2025-02-27 02:23:13] - ::1 - /
[2025-02-27 02:23:13] - ::1 - /
[2025-02-27 02:23:13] - ::1 - /
[2025-02-27 02:23:14] - ::1 - /
[2025-02-27 02:23:14] - ::1 - /
[2025-02-27 02:23:14] - ::1 - /
[2025-02-27 02:23:14] - ::1 - /
[2025-02-27 02:23:14] - ::1 - /
[2025-02-27 02:23:15] - ::1 - /
[2025-02-27 02:23:15] - ::1 - /
[2025-02-27 02:23:15] - ::1 - /
[2025-02-27 02:23:16] - ::1 - /
[2025-02-27 02:23:16] - ::1 - /
[2025-02-27 02:23:16] - ::1 - /
[2025-02-27 02:23:16] - ::1 - /
[2025-02-27 02:23:16] - ::1 - /
[2025-02-27 02:23:16] - ::1 - /
[2025-02-27 02:23:16] - ::1 - /
[2025-02-27 02:23:16] - ::1 - /
[2025-02-27 02:23:16] - ::1 - /
[2025-02-27 02:23:16] - ::1 - /
[2025-02-27 02:23:16] - ::1 - /
[2025-02-27 02:23:16] - ::1 - /
[2025-02-27 02:23:16] - ::1 - /
[2025-02-27 02:23:17] - ::1 - /
[2025-02-27 02:23:17] - ::1 - /
[2025-02-27 02:23:17] - ::1 - /
[2025-02-27 02:23:17] - ::1 - /
[2025-02-27 02:23:17] - ::1 - /
[2025-02-27 02:23:17] - ::1 - /
[2025-02-27 02:23:17] - ::1 - /
[2025-02-27 02:23:17] - ::1 - /
[2025-02-27 02:23:17] - ::1 - /
[2025-02-27 02:23:17] - ::1 - /
[2025-02-27 02:23:18] - ::1 - /
[2025-02-27 02:23:18] - ::1 - /
[2025-02-27 02:23:18] - ::1 - /
[2025-02-27 02:23:18] - ::1 - /
[2025-02-27 02:23:18] - ::1 - /
[2025-02-27 02:23:18] - ::1 - /
[2025-02-27 02:23:18] - ::1 - /
[2025-02-27 02:23:18] - ::1 - /
[2025-02-27 02:23:18] - ::1 - /
[2025-02-27 02:23:18] - ::1 - /
[2025-02-27 02:23:18] - ::1 - /
[2025-02-27 02:23:18] - ::1 - /
[2025-02-27 02:23:18] - ::1 - /
[2025-02-27 02:23:19] - ::1 - /
[2025-02-27 02:23:51] - ::1 - /
[2025-02-27 02:23:59] - ::1 - /
[2025-02-27 02:23:59] - ::1 - /
[2025-02-27 02:24:00] - ::1 - /
[2025-02-27 02:24:01] - ::1 - /
[2025-02-27 02:24:01] - ::1 - /
[2025-02-27 02:24:01] - ::1 - /
[2025-02-27 02:24:01] - ::1 - /
[2025-02-27 02:24:01] - ::1 - /
[2025-02-27 02:24:02] - ::1 - /
[2025-02-27 02:24:02] - ::1 - /
[2025-02-27 02:24:02] - ::1 - /
[2025-02-27 02:24:15] - ::1 - /
[2025-02-27 02:24:16] - ::1 - /
[2025-02-27 02:24:16] - ::1 - /
[2025-02-27 02:24:17] - ::1 - /
[2025-02-27 02:24:17] - ::1 - /
[2025-02-27 02:24:17] - ::1 - /
[2025-02-27 02:24:18] - ::1 - /
[2025-02-27 02:24:18] - ::1 - /
[2025-02-27 02:24:18] - ::1 - /
[2025-02-27 02:24:18] - ::1 - /
[2025-02-27 02:24:18] - ::1 - /
[2025-02-27 02:24:19] - ::1 - /
[2025-02-27 02:24:19] - ::1 - /
[2025-02-27 02:24:19] - ::1 - /
[2025-02-27 02:24:23] - ::1 - /sobre
[2025-02-27 02:24:26] - ::1 - /
[2025-02-27 02:24:27] - ::1 - /
[2025-02-27 02:24:27] - ::1 - /
[2025-02-27 02:24:28] - ::1 - /
[2025-02-27 02:24:28] - ::1 - /
[2025-02-27 02:24:59] - ::1 - /
[2025-02-27 02:25:00] - ::1 - /
[2025-02-27 02:25:00] - ::1 - /
[2025-02-27 02:25:00] - ::1 - /
[2025-02-27 02:25:00] - ::1 - /
[2025-02-27 02:25:02] - ::1 - /
[2025-02-27 02:25:02] - ::1 - /
[2025-02-27 02:25:02] - ::1 - /
[2025-02-27 02:25:02] - ::1 - /
[2025-02-27 02:25:03] - ::1 - /
[2025-02-27 02:25:03] - ::1 - /
[2025-02-27 02:25:50] - ::1 - /
[2025-02-27 02:25:50] - ::1 - /
[2025-02-27 02:25:51] - ::1 - /
[2025-02-27 02:25:51] - ::1 - /
[2025-02-27 02:25:51] - ::1 - /
[2025-02-27 02:25:51] - ::1 - /
[2025-02-27 02:25:52] - ::1 - /
[2025-02-27 02:25:53] - ::1 - /
[2025-02-27 02:25:53] - ::1 - /
[2025-02-27 02:25:53] - ::1 - /
[2025-02-27 02:25:54] - ::1 - /
[2025-02-27 02:26:05] - ::1 - /
[2025-02-27 02:26:05] - ::1 - /
[2025-02-27 02:26:05] - ::1 - /
[2025-02-27 02:26:12] - ::1 - /
[2025-02-27 02:26:13] - ::1 - /
[2025-02-27 02:26:13] - ::1 - /
[2025-02-27 02:26:13] - ::1 - /
[2025-02-27 02:26:15] - ::1 - /sobre
[2025-02-27 02:26:16] - ::1 - /sobre
[2025-02-27 02:26:18] - ::1 - /
[2025-02-27 02:26:19] - ::1 - /
[2025-02-27 02:27:02] - ::1 - /
[2025-02-27 02:27:02] - ::1 - /
[2025-02-27 02:27:02] - ::1 - /
[2025-02-27 02:27:20] - ::1 - /
[2025-02-27 02:27:20] - ::1 - /
[2025-02-27 02:27:20] - ::1 - /
[2025-02-27 02:27:21] - ::1 - /
[2025-02-27 02:27:21] - ::1 - /
[2025-02-27 02:27:33] - ::1 - /
[2025-02-27 02:29:16] - ::1 - /
[2025-02-27 02:29:16] - ::1 - /
[2025-02-27 02:29:16] - ::1 - /
[2025-02-27 02:29:17] - ::1 - /
[2025-02-27 02:29:17] - ::1 - /
[2025-02-27 02:29:17] - ::1 - /
[2025-02-27 02:29:18] - ::1 - /
[2025-02-27 02:29:18] - ::1 - /
[2025-02-27 02:29:18] - ::1 - /
[2025-02-27 02:29:18] - ::1 - /
[2025-02-27 02:36:28] - ::1 - /
[2025-02-27 02:36:28] - ::1 - /
[2025-02-27 02:36:33] - ::1 - /
[2025-02-27 02:36:42] - ::1 - /
[2025-02-27 02:36:43] - ::1 - /
[2025-02-27 02:36:51] - ::1 - /
[2025-02-27 02:36:52] - ::1 - /
[2025-02-27 02:36:57] - ::1 - /
[2025-02-27 02:36:58] - ::1 - /
[2025-02-27 02:36:58] - ::1 - /
[2025-02-27 02:36:58] - ::1 - /
[2025-02-27 02:36:59] - ::1 - /
[2025-02-27 02:36:59] - ::1 - /
[2025-02-27 02:36:59] - ::1 - /
[2025-02-27 02:37:01] - ::1 - /
[2025-02-27 02:37:01] - ::1 - /
[2025-02-27 02:37:01] - ::1 - /
[2025-02-27 02:37:02] - ::1 - /
[2025-02-27 02:37:02] - ::1 - /
[2025-02-27 02:37:07] - ::1 - /
[2025-02-27 02:37:07] - ::1 - /
[2025-02-27 02:37:08] - ::1 - /
[2025-02-27 02:37:09] - ::1 - /
[2025-02-27 02:37:09] - ::1 - /
[2025-02-27 02:37:19] - ::1 - /
[2025-02-27 02:37:19] - ::1 - /
[2025-02-27 02:37:20] - ::1 - /
[2025-02-27 02:37:20] - ::1 - /
[2025-02-27 02:37:20] - ::1 - /
[2025-02-27 02:37:21] - ::1 - /
[2025-02-27 02:37:21] - ::1 - /
[2025-02-27 02:37:21] - ::1 - /
[2025-02-27 02:37:24] - ::1 - /
[2025-02-27 02:37:25] - ::1 - /
[2025-02-27 02:37:25] - ::1 - /
[2025-02-27 02:37:25] - ::1 - /
[2025-02-27 02:37:26] - ::1 - /
[2025-02-27 02:37:26] - ::1 - /
[2025-02-27 02:37:26] - ::1 - /
[2025-02-27 02:37:26] - ::1 - /
[2025-02-27 02:37:56] - ::1 - /
[2025-02-27 02:37:57] - ::1 - /
[2025-02-27 02:37:57] - ::1 - /
[2025-02-27 02:37:57] - ::1 - /
[2025-02-27 02:37:57] - ::1 - /
[2025-02-27 02:37:59] - ::1 - /
[2025-02-27 02:37:59] - ::1 - /
[2025-02-27 02:38:00] - ::1 - /
[2025-02-27 02:38:02] - ::1 - /
[2025-02-27 02:38:03] - ::1 - /
[2025-02-27 02:38:10] - ::1 - /
[2025-02-27 02:38:11] - ::1 - /
[2025-02-27 02:38:11] - ::1 - /
[2025-02-27 02:38:14] - ::1 - /sobre
[2025-02-27 02:38:18] - ::1 - /
[2025-02-27 02:38:19] - ::1 - /
[2025-02-27 02:38:37] - ::1 - /
[2025-02-27 02:38:37] - ::1 - /
[2025-02-27 02:38:37] - ::1 - /
[2025-02-27 02:38:38] - ::1 - /
[2025-02-27 02:38:38] - ::1 - /
[2025-02-27 02:38:38] - ::1 - /
[2025-02-27 02:38:39] - ::1 - /
[2025-02-27 02:38:39] - ::1 - /
[2025-02-27 02:38:39] - ::1 - /
[2025-02-27 02:39:20] - ::1 - /
[2025-02-27 02:39:21] - ::1 - /
[2025-02-27 02:39:40] - ::1 - /
[2025-02-27 02:39:54] - ::1 - /
[2025-02-27 02:39:55] - ::1 - /
[2025-02-27 02:39:55] - ::1 - /
[2025-02-27 02:39:56] - ::1 - /
[2025-02-27 02:39:57] - ::1 - /
[2025-02-27 02:39:57] - ::1 - /
[2025-02-27 02:39:57] - ::1 - /
[2025-02-27 02:39:57] - ::1 - /
[2025-02-27 02:39:58] - ::1 - /
[2025-02-27 02:39:58] - ::1 - /
[2025-02-27 02:39:58] - ::1 - /
[2025-02-27 02:39:58] - ::1 - /
[2025-02-27 02:39:59] - ::1 - /
[2025-02-27 02:39:59] - ::1 - /
[2025-02-27 02:40:00] - ::1 - /
[2025-02-27 02:40:14] - ::1 - /
[2025-02-27 02:40:14] - ::1 - /
[2025-02-27 02:40:14] - ::1 - /
[2025-02-27 02:40:15] - ::1 - /
[2025-02-27 02:40:37] - ::1 - /
[2025-02-27 02:40:37] - ::1 - /
[2025-02-27 02:40:37] - ::1 - /
[2025-02-27 02:40:38] - ::1 - /
[2025-02-27 02:42:31] - ::1 - /
[2025-02-27 02:42:31] - ::1 - /
[2025-02-27 02:42:32] - ::1 - /
[2025-02-27 02:42:32] - ::1 - /
[2025-02-27 02:42:33] - ::1 - /
[2025-02-27 02:42:33] - ::1 - /
[2025-02-27 02:42:33] - ::1 - /
[2025-02-27 02:42:33] - ::1 - /
[2025-02-27 02:42:34] - ::1 - /
[2025-02-27 02:42:34] - ::1 - /
[2025-02-27 02:42:42] - ::1 - /
[2025-02-27 02:42:42] - ::1 - /
[2025-02-27 02:42:45] - ::1 - /sobre
[2025-02-27 02:42:47] - ::1 - /
[2025-02-27 02:43:36] - ::1 - /
[2025-02-27 02:43:37] - ::1 - /
[2025-02-27 02:43:43] - ::1 - /
[2025-02-27 02:43:53] - ::1 - /
[2025-02-27 02:43:54] - ::1 - /
[2025-02-27 02:43:54] - ::1 - /
[2025-02-27 02:43:55] - ::1 - /
[2025-02-27 02:44:44] - ::1 - /
[2025-02-27 02:44:45] - ::1 - /
[2025-02-27 02:44:45] - ::1 - /
[2025-02-27 02:44:45] - ::1 - /
[2025-02-27 02:44:48] - ::1 - /
[2025-02-27 02:44:49] - ::1 - /
[2025-02-27 02:44:49] - ::1 - /
[2025-02-27 02:44:49] - ::1 - /
[2025-02-27 02:44:50] - ::1 - /
[2025-02-27 02:44:50] - ::1 - /
[2025-02-27 02:44:50] - ::1 - /
[2025-02-27 02:44:51] - ::1 - /
[2025-02-27 02:44:53] - ::1 - /
[2025-02-27 02:44:54] - ::1 - /
[2025-02-27 02:44:54] - ::1 - /
[2025-02-27 02:45:04] - ::1 - /sobre
[2025-02-27 02:45:05] - ::1 - /sobre
[2025-02-27 02:45:14] - ::1 - /sobre
[2025-02-27 02:45:15] - ::1 - /sobre
[2025-02-27 02:45:15] - ::1 - /sobre
[2025-02-27 02:45:15] - ::1 - /sobre
[2025-02-27 02:45:29] - ::1 - /sobre
[2025-02-27 02:45:29] - ::1 - /sobre
[2025-02-27 02:45:30] - ::1 - /sobre
[2025-02-27 02:45:30] - ::1 - /sobre
[2025-02-27 02:45:31] - ::1 - /sobre
[2025-02-27 02:45:31] - ::1 - /sobre
[2025-02-27 02:45:31] - ::1 - /sobre
[2025-02-27 02:45:32] - ::1 - /sobre
[2025-02-27 02:45:32] - ::1 - /sobre
[2025-02-27 02:45:39] - ::1 - /sobre
[2025-02-27 02:45:43] - ::1 - /sobre
[2025-02-27 02:45:44] - ::1 - /sobre
[2025-02-27 02:46:33] - ::1 - /sobre
[2025-02-27 02:46:35] - ::1 - /
[2025-02-27 02:46:39] - ::1 - /
[2025-02-27 02:46:41] - ::1 - /
[2025-02-27 02:46:41] - ::1 - /
[2025-02-27 02:46:42] - ::1 - /
[2025-02-27 02:46:42] - ::1 - /
[2025-02-27 02:46:42] - ::1 - /
[2025-02-27 02:46:42] - ::1 - /
[2025-02-27 02:46:43] - ::1 - /
[2025-02-27 02:46:57] - ::1 - /
[2025-02-27 02:46:58] - ::1 - /
[2025-02-27 02:46:58] - ::1 - /
[2025-02-27 02:47:10] - ::1 - /
[2025-02-27 02:47:11] - ::1 - /
[2025-02-27 02:47:11] - ::1 - /
[2025-02-27 02:47:11] - ::1 - /
[2025-02-27 02:47:14] - ::1 - /sobre
[2025-02-27 02:47:14] - ::1 - /sobre
[2025-02-27 02:47:55] - ::1 - /
[2025-02-27 02:47:56] - ::1 - /
[2025-02-27 02:47:58] - ::1 - /
[2025-02-27 02:47:58] - ::1 - /
[2025-02-27 02:47:59] - ::1 - /
[2025-02-27 02:48:01] - ::1 - /
[2025-02-27 02:48:01] - ::1 - /
[2025-02-27 02:48:01] - ::1 - /
[2025-02-27 02:48:02] - ::1 - /
[2025-02-27 02:48:02] - ::1 - /
[2025-02-27 02:48:02] - ::1 - /
[2025-02-27 02:48:03] - ::1 - /
[2025-02-27 02:48:03] - ::1 - /
[2025-02-27 02:48:03] - ::1 - /
[2025-02-27 02:48:03] - ::1 - /
[2025-02-27 02:48:03] - ::1 - /
[2025-02-27 02:48:26] - ::1 - /
[2025-02-27 02:48:27] - ::1 - /
[2025-02-27 02:48:27] - ::1 - /
[2025-02-27 02:48:32] - ::1 - /
[2025-02-27 02:48:32] - ::1 - /
[2025-02-27 02:48:33] - ::1 - /
[2025-02-27 02:49:45] - ::1 - /
[2025-02-27 02:49:45] - ::1 - /
[2025-02-27 02:49:54] - ::1 - /
[2025-02-27 02:49:54] - ::1 - /
[2025-02-27 02:50:00] - ::1 - /
[2025-02-27 02:50:07] - ::1 - /
[2025-02-27 02:51:52] - ::1 - /
[2025-02-27 02:52:12] - ::1 - /
[2025-02-27 02:52:13] - ::1 - /
[2025-02-27 02:52:25] - ::1 - /
[2025-02-27 02:52:34] - ::1 - /
[2025-02-27 02:52:34] - ::1 - /
[2025-02-27 02:52:41] - ::1 - /
[2025-02-27 02:52:47] - ::1 - /
[2025-02-27 02:52:48] - ::1 - /
[2025-02-27 02:52:49] - ::1 - /
[2025-02-27 02:52:49] - ::1 - /
[2025-02-27 02:52:49] - ::1 - /
[2025-02-27 02:54:17] - ::1 - /
[2025-02-27 02:54:17] - ::1 - /
[2025-02-27 02:55:02] - ::1 - /
[2025-02-27 02:55:02] - ::1 - /
[2025-02-27 02:56:15] - ::1 - /
[2025-02-27 02:56:15] - ::1 - /
[2025-02-27 02:56:16] - ::1 - /
[2025-02-27 02:56:16] - ::1 - /
[2025-02-27 02:56:16] - ::1 - /
[2025-02-27 02:56:30] - ::1 - /
[2025-02-27 02:56:30] - ::1 - /
[2025-02-27 02:56:31] - ::1 - /
[2025-02-27 02:56:31] - ::1 - /
[2025-02-27 02:56:31] - ::1 - /
[2025-02-27 02:56:32] - ::1 - /
[2025-02-27 02:56:37] - ::1 - /
[2025-02-27 02:56:37] - ::1 - /
[2025-02-27 02:56:37] - ::1 - /
[2025-02-27 02:56:39] - ::1 - /
[2025-02-27 02:56:39] - ::1 - /
[2025-02-27 02:56:39] - ::1 - /
[2025-02-27 02:56:39] - ::1 - /
[2025-02-27 02:57:50] - ::1 - /
[2025-02-27 02:57:50] - ::1 - /
[2025-02-27 02:57:51] - ::1 - /
[2025-02-27 02:57:52] - ::1 - /
[2025-02-27 02:57:52] - ::1 - /
[2025-02-27 02:57:52] - ::1 - /
[2025-02-27 02:58:33] - ::1 - /
[2025-02-27 02:58:34] - ::1 - /
[2025-02-27 02:58:44] - ::1 - /
[2025-02-27 02:59:22] - ::1 - /
[2025-02-27 02:59:23] - ::1 - /
[2025-02-27 02:59:45] - ::1 - /
[2025-02-27 02:59:46] - ::1 - /
[2025-02-27 02:59:52] - ::1 - /
[2025-02-27 02:59:53] - ::1 - /
[2025-02-27 02:59:56] - ::1 - /
[2025-02-27 02:59:56] - ::1 - /
[2025-02-27 02:59:58] - ::1 - /
[2025-02-27 03:00:16] - ::1 - /
[2025-02-27 03:01:09] - ::1 - /
[2025-02-27 03:01:10] - ::1 - /
[2025-02-27 03:01:54] - ::1 - /
[2025-02-27 03:01:55] - ::1 - /
[2025-02-27 03:02:55] - ::1 - /
[2025-02-27 03:02:55] - ::1 - /
[2025-02-27 03:02:56] - ::1 - /
[2025-02-27 03:03:05] - ::1 - /
[2025-02-27 03:03:10] - ::1 - /
[2025-02-27 03:03:17] - ::1 - /
[2025-02-27 03:04:27] - ::1 - /
[2025-02-27 03:04:28] - ::1 - /
[2025-02-27 03:04:33] - ::1 - /
[2025-02-27 03:04:54] - ::1 - /
[2025-02-27 03:05:01] - ::1 - /
[2025-02-27 03:05:05] - ::1 - /sobre
[2025-02-27 03:05:11] - ::1 - /sobre
[2025-02-27 03:05:12] - ::1 - /sobre
[2025-02-27 03:11:58] - ::1 - /admin
[2025-02-27 03:12:31] - ::1 - /admin
[2025-02-27 03:12:36] - ::1 - /admin
[2025-02-27 03:13:20] - ::1 - /admin
[2025-02-27 03:13:21] - ::1 - /admin
[2025-02-27 03:13:36] - ::1 - /admin
[2025-02-27 03:13:37] - ::1 - /admin
[2025-02-27 03:13:37] - ::1 - /admin
[2025-02-27 03:13:38] - ::1 - /admin
[2025-02-27 03:13:38] - ::1 - /admin
[2025-02-27 03:13:38] - ::1 - /admin
[2025-02-27 03:13:39] - ::1 - /admin
[2025-02-27 03:13:39] - ::1 - /admin
[2025-02-27 03:13:53] - ::1 - /admin
[2025-02-27 03:13:53] - ::1 - /admin
[2025-02-27 03:13:54] - ::1 - /admin
[2025-02-27 03:13:54] - ::1 - /admin
[2025-02-27 03:14:32] - ::1 - /admin
[2025-02-27 03:14:33] - ::1 - /admin
[2025-02-27 03:14:33] - ::1 - /admin
[2025-02-27 03:14:33] - ::1 - /admin
[2025-02-27 03:14:33] - ::1 - /admin
[2025-02-27 03:15:17] - ::1 - /admin
[2025-02-27 03:15:49] - ::1 - /admin
[2025-02-27 03:15:50] - ::1 - /admin
[2025-02-27 03:15:50] - ::1 - /admin
[2025-02-27 03:15:51] - ::1 - /admin
[2025-02-27 03:15:52] - ::1 - /admin
[2025-02-27 03:15:52] - ::1 - /admin
[2025-02-27 03:15:52] - ::1 - /admin
[2025-02-27 03:15:52] - ::1 - /admin
[2025-02-27 03:15:52] - ::1 - /admin
[2025-02-27 03:15:53] - ::1 - /admin
[2025-02-27 03:16:07] - ::1 - /admin
[2025-02-27 03:16:09] - ::1 - /admin
[2025-02-27 03:16:09] - ::1 - /admin
[2025-02-27 03:16:10] - ::1 - /admin
[2025-02-27 03:16:10] - ::1 - /admin
[2025-02-27 03:16:10] - ::1 - /admin
[2025-02-27 03:16:10] - ::1 - /admin
[2025-02-27 03:16:29] - ::1 - /admin
[2025-02-27 03:16:29] - ::1 - /admin
[2025-02-27 03:16:37] - ::1 - /admin
[2025-02-27 03:16:38] - ::1 - /admin
[2025-02-27 03:16:38] - ::1 - /admin
[2025-02-27 03:16:50] - ::1 - /admin
[2025-02-27 03:16:51] - ::1 - /admin
[2025-02-27 03:16:51] - ::1 - /admin
[2025-02-27 03:16:51] - ::1 - /admin
[2025-02-27 03:17:21] - ::1 - /admin
[2025-02-27 03:17:21] - ::1 - /admin
[2025-02-27 03:17:21] - ::1 - /admin
[2025-02-27 03:18:39] - ::1 - /admin
[2025-02-27 03:18:40] - ::1 - /admin
[2025-02-27 03:18:40] - ::1 - /admin
[2025-02-27 03:18:41] - ::1 - /admin
[2025-02-27 03:18:42] - ::1 - /admin
[2025-02-27 03:18:42] - ::1 - /admin
[2025-02-27 03:18:42] - ::1 - /admin
[2025-02-27 03:18:42] - ::1 - /admin
[2025-02-27 03:18:45] - ::1 - /admin
[2025-02-27 03:18:45] - ::1 - /admin
[2025-02-27 03:18:45] - ::1 - /admin
[2025-02-27 03:18:45] - ::1 - /admin
[2025-02-27 03:18:46] - ::1 - /admin
[2025-02-27 03:19:16] - ::1 - /admin
[2025-02-27 03:19:17] - ::1 - /admin
[2025-02-27 03:19:21] - ::1 - /admin
[2025-02-27 03:22:04] - ::1 - /admin
[2025-02-27 03:22:05] - ::1 - /admin
[2025-02-27 03:22:05] - ::1 - /admin
[2025-02-27 03:22:05] - ::1 - /admin
[2025-02-27 03:22:06] - ::1 - /admin
[2025-02-27 03:22:07] - ::1 - /admin
[2025-02-27 03:22:07] - ::1 - /admin
[2025-02-27 03:22:07] - ::1 - /admin
[2025-02-27 03:22:12] - ::1 - /admin
[2025-02-27 03:22:12] - ::1 - /admin
[2025-02-27 03:22:12] - ::1 - /admin
[2025-02-27 03:22:20] - ::1 - /admin
[2025-02-27 03:22:30] - ::1 - /admin
[2025-02-27 03:22:30] - ::1 - /admin
[2025-02-27 03:22:31] - ::1 - /admin
[2025-02-27 03:22:31] - ::1 - /admin
[2025-02-27 03:23:01] - ::1 - /admin
[2025-02-27 03:23:02] - ::1 - /admin
[2025-02-27 03:23:02] - ::1 - /admin
[2025-02-27 03:23:03] - ::1 - /admin
[2025-02-27 03:23:03] - ::1 - /admin
[2025-02-27 03:23:03] - ::1 - /admin
[2025-02-27 03:23:04] - ::1 - /admin
[2025-02-27 03:23:04] - ::1 - /admin
[2025-02-27 03:23:10] - ::1 - /admin
[2025-02-27 03:23:11] - ::1 - /admin
[2025-02-27 03:23:11] - ::1 - /admin
[2025-02-27 03:23:12] - ::1 - /admin
[2025-02-27 03:23:47] - ::1 - /admin
[2025-02-27 03:23:48] - ::1 - /admin
[2025-02-27 03:23:48] - ::1 - /admin
[2025-02-27 03:23:48] - ::1 - /admin
[2025-02-27 03:23:48] - ::1 - /admin
[2025-02-27 03:23:49] - ::1 - /admin
[2025-02-27 03:24:26] - ::1 - /admin
[2025-02-27 03:25:11] - ::1 - /admin
[2025-02-27 03:25:12] - ::1 - /admin
[2025-02-27 03:25:13] - ::1 - /admin
[2025-02-27 03:25:13] - ::1 - /admin
[2025-02-27 03:25:14] - ::1 - /admin
[2025-02-27 03:25:16] - ::1 - /admin
[2025-02-27 03:25:16] - ::1 - /admin
[2025-02-27 03:25:25] - ::1 - /admin
[2025-02-27 03:25:33] - ::1 - /admin
[2025-02-27 03:25:34] - ::1 - /admin
[2025-02-27 03:25:34] - ::1 - /admin
[2025-02-27 03:25:36] - ::1 - /admin
[2025-02-27 03:25:36] - ::1 - /admin
[2025-02-27 03:25:37] - ::1 - /admin
[2025-02-27 03:25:37] - ::1 - /admin
[2025-02-27 03:28:20] - ::1 - /admin
[2025-02-27 03:28:21] - ::1 - /admin
[2025-02-27 03:28:21] - ::1 - /admin
[2025-02-27 03:28:22] - ::1 - /admin
[2025-02-27 03:28:22] - ::1 - /admin
[2025-02-27 03:28:38] - ::1 - /admin
[2025-02-27 03:28:38] - ::1 - /admin
[2025-02-27 03:28:39] - ::1 - /admin
[2025-02-27 03:28:39] - ::1 - /admin
[2025-02-27 03:28:39] - ::1 - /admin
[2025-02-27 03:28:39] - ::1 - /admin
[2025-02-27 03:28:39] - ::1 - /admin
[2025-02-27 03:28:39] - ::1 - /admin
[2025-02-27 03:28:43] - ::1 - /admin
[2025-02-27 03:28:44] - ::1 - /admin
[2025-02-27 03:28:44] - ::1 - /admin
[2025-02-27 03:28:44] - ::1 - /admin
[2025-02-27 03:28:45] - ::1 - /admin
[2025-02-27 03:28:45] - ::1 - /admin
[2025-02-27 03:29:10] - ::1 - /admin
[2025-02-27 03:29:11] - ::1 - /admin
[2025-02-27 03:29:12] - ::1 - /admin
[2025-02-27 03:29:12] - ::1 - /admin
[2025-02-27 03:29:12] - ::1 - /admin
[2025-02-27 03:29:13] - ::1 - /admin
[2025-02-27 03:29:13] - ::1 - /admin
[2025-02-27 03:29:13] - ::1 - /admin
[2025-02-27 03:29:34] - ::1 - /admin
[2025-02-27 03:29:35] - ::1 - /admin
[2025-02-27 03:29:35] - ::1 - /admin
[2025-02-27 03:29:35] - ::1 - /admin
[2025-02-27 03:29:36] - ::1 - /admin
[2025-02-27 03:29:36] - ::1 - /admin
[2025-02-27 03:29:37] - ::1 - /admin
[2025-02-27 03:29:37] - ::1 - /admin
[2025-02-27 03:29:37] - ::1 - /admin
[2025-02-27 03:29:38] - ::1 - /admin
[2025-02-27 03:29:38] - ::1 - /admin
[2025-02-27 03:29:43] - ::1 - /admin
[2025-02-27 03:29:43] - ::1 - /admin
[2025-02-27 03:29:43] - ::1 - /admin
[2025-02-27 03:29:44] - ::1 - /admin
[2025-02-27 03:29:44] - ::1 - /admin
[2025-02-27 03:29:45] - ::1 - /admin
[2025-02-27 03:29:45] - ::1 - /admin
[2025-02-27 03:30:12] - ::1 - /admin
[2025-02-27 03:30:12] - ::1 - /admin
[2025-02-27 03:30:12] - ::1 - /admin
[2025-02-27 03:30:13] - ::1 - /admin
[2025-02-27 03:30:14] - ::1 - /admin
[2025-02-27 03:30:14] - ::1 - /admin
[2025-02-27 03:30:14] - ::1 - /admin
[2025-02-27 03:30:14] - ::1 - /admin
[2025-02-27 03:30:15] - ::1 - /admin
[2025-02-27 03:30:15] - ::1 - /admin
[2025-02-27 03:30:15] - ::1 - /admin
[2025-02-27 03:30:15] - ::1 - /admin
[2025-02-27 03:30:16] - ::1 - /admin
[2025-02-27 03:30:16] - ::1 - /admin
[2025-02-27 03:30:16] - ::1 - /admin
[2025-02-27 03:30:16] - ::1 - /admin
[2025-02-27 03:30:16] - ::1 - /admin
[2025-02-27 03:30:17] - ::1 - /admin
[2025-02-27 03:30:17] - ::1 - /admin
[2025-02-27 03:30:17] - ::1 - /admin
[2025-02-27 03:30:28] - ::1 - /admin
[2025-02-27 03:30:28] - ::1 - /admin
[2025-02-27 03:30:28] - ::1 - /admin
[2025-02-27 03:30:29] - ::1 - /admin
[2025-02-27 03:30:32] - ::1 - /admin
[2025-02-27 03:30:33] - ::1 - /admin
[2025-02-27 03:30:33] - ::1 - /admin
[2025-02-27 03:30:34] - ::1 - /admin
[2025-02-27 03:30:34] - ::1 - /admin
[2025-02-27 03:30:35] - ::1 - /admin
[2025-02-27 03:30:35] - ::1 - /admin
[2025-02-27 03:31:36] - ::1 - /admin
[2025-02-27 03:31:36] - ::1 - /admin
[2025-02-27 03:31:36] - ::1 - /admin
[2025-02-27 03:31:37] - ::1 - /admin
[2025-02-27 03:31:40] - ::1 - /admin
[2025-02-27 03:31:40] - ::1 - /admin
[2025-02-27 03:31:46] - ::1 - /admin
[2025-02-27 03:31:46] - ::1 - /admin
[2025-02-27 03:31:49] - ::1 - /admin
[2025-02-27 03:31:50] - ::1 - /admin
[2025-02-27 03:32:58] - ::1 - /admin
[2025-02-27 03:32:59] - ::1 - /admin
[2025-02-27 03:32:59] - ::1 - /admin
[2025-02-27 03:33:50] - ::1 - /admin
[2025-02-27 03:33:50] - ::1 - /admin
[2025-02-27 03:33:51] - ::1 - /admin
[2025-02-27 03:33:51] - ::1 - /admin
[2025-02-27 03:34:15] - ::1 - /admin
[2025-02-27 03:34:16] - ::1 - /admin
[2025-02-27 03:35:02] - ::1 - /admin
[2025-02-27 03:35:02] - ::1 - /admin
[2025-02-27 03:35:03] - ::1 - /admin
[2025-02-27 03:35:03] - ::1 - /admin
[2025-02-27 03:35:03] - ::1 - /admin
[2025-02-27 03:35:04] - ::1 - /admin
[2025-02-27 03:35:04] - ::1 - /admin
[2025-02-27 03:35:04] - ::1 - /admin
[2025-02-27 03:35:04] - ::1 - /admin
[2025-02-27 03:35:08] - ::1 - /admin
[2025-02-27 03:35:08] - ::1 - /admin
[2025-02-27 03:35:08] - ::1 - /admin
[2025-02-27 03:35:09] - ::1 - /admin
[2025-02-27 03:35:09] - ::1 - /admin
[2025-02-27 03:35:09] - ::1 - /admin
[2025-02-27 03:35:34] - ::1 - /admin
[2025-02-27 03:35:34] - ::1 - /admin
[2025-02-27 03:35:34] - ::1 - /admin
[2025-02-27 03:35:35] - ::1 - /admin
[2025-02-27 03:36:14] - ::1 - /admin
[2025-02-27 03:36:15] - ::1 - /admin
[2025-02-27 03:36:17] - ::1 - /admin
[2025-02-27 03:36:18] - ::1 - /admin
[2025-02-27 03:37:03] - ::1 - /admin
[2025-02-27 03:37:03] - ::1 - /admin
[2025-02-27 03:37:04] - ::1 - /admin
[2025-02-27 03:37:04] - ::1 - /admin
[2025-02-27 03:37:07] - ::1 - /admin
[2025-02-27 03:37:07] - ::1 - /admin
[2025-02-27 03:37:07] - ::1 - /admin
[2025-02-27 03:37:07] - ::1 - /admin
[2025-02-27 03:37:08] - ::1 - /admin
[2025-02-27 03:37:16] - ::1 - /admin
[2025-02-27 03:37:17] - ::1 - /admin
[2025-02-27 03:37:37] - ::1 - /admin
[2025-02-27 03:37:37] - ::1 - /admin
[2025-02-27 03:37:37] - ::1 - /admin
[2025-02-27 03:38:20] - ::1 - /admin
[2025-02-27 03:38:21] - ::1 - /admin
[2025-02-27 03:38:21] - ::1 - /admin
[2025-02-27 03:38:21] - ::1 - /admin
[2025-02-27 03:38:21] - ::1 - /admin
[2025-02-27 03:40:01] - ::1 - /admin
[2025-02-27 03:40:02] - ::1 - /admin
[2025-02-27 03:40:03] - ::1 - /admin
[2025-02-27 03:40:04] - ::1 - /admin
[2025-02-27 03:40:10] - ::1 - /admin
[2025-02-27 03:40:10] - ::1 - /admin
[2025-02-27 03:40:10] - ::1 - /admin
[2025-02-27 03:40:11] - ::1 - /admin
[2025-02-27 03:40:30] - ::1 - /admin
[2025-02-27 03:40:31] - ::1 - /admin
[2025-02-27 03:40:45] - ::1 - /admin
[2025-02-27 03:40:59] - ::1 - /admin
[2025-02-27 03:41:31] - ::1 - /admin
[2025-02-27 03:41:33] - ::1 - /admin
[2025-02-27 03:41:34] - ::1 - /admin
[2025-02-27 03:41:58] - ::1 - /admin
[2025-02-27 03:41:59] - ::1 - /admin
[2025-02-27 03:41:59] - ::1 - /admin
[2025-02-27 03:42:07] - ::1 - /admin
[2025-02-27 03:42:07] - ::1 - /admin
[2025-02-27 03:42:07] - ::1 - /admin
[2025-02-27 03:42:34] - ::1 - /admin
[2025-02-27 03:42:39] - ::1 - /admin
[2025-02-27 03:42:40] - ::1 - /admin
[2025-02-27 03:42:40] - ::1 - /admin
[2025-02-27 03:42:40] - ::1 - /admin
[2025-02-27 03:42:41] - ::1 - /admin
[2025-02-27 03:42:41] - ::1 - /admin
[2025-02-27 03:42:41] - ::1 - /admin
[2025-02-27 03:43:02] - ::1 - /admin
[2025-02-27 03:43:22] - ::1 - /admin
[2025-02-27 03:43:23] - ::1 - /admin
[2025-02-27 03:43:24] - ::1 - /admin
[2025-02-27 03:43:34] - ::1 - /admin
[2025-02-27 03:43:35] - ::1 - /admin
[2025-02-27 03:43:35] - ::1 - /admin
[2025-02-27 03:43:35] - ::1 - /admin
[2025-02-27 03:43:43] - ::1 - /admin
[2025-02-27 03:44:06] - ::1 - /admin
[2025-02-27 03:44:10] - ::1 - /admin
[2025-02-28 01:36:15] - ::1 - /admin
[2025-02-28 01:38:04] - ::1 - /admin
[2025-02-28 01:42:11] - ::1 - /admin
[2025-02-28 01:43:41] - ::1 - /admin
[2025-02-28 01:45:13] - ::1 - /admin
[2025-02-28 01:45:14] - ::1 - /admin
[2025-02-28 01:45:40] - 127.0.0.1 - /admin
[2025-02-28 01:45:50] - ::1 - /admin
[2025-02-28 01:45:51] - ::1 - /admin
[2025-02-28 01:47:11] - ::1 - /admin
[2025-02-28 01:47:12] - ::1 - /admin
[2025-02-28 01:48:13] - ::1 - /admin
[2025-02-28 01:48:13] - ::1 - /admin
[2025-02-28 01:48:32] - ::1 - /admin
[2025-02-28 01:48:32] - ::1 - /admin
[2025-02-28 01:48:33] - ::1 - /admin
[2025-02-28 01:48:46] - ::1 - /admin
[2025-02-28 01:48:46] - ::1 - /admin
[2025-02-28 01:48:47] - ::1 - /admin
[2025-02-28 01:49:04] - ::1 - /admin
[2025-02-28 01:49:04] - ::1 - /admin
[2025-02-28 01:49:04] - ::1 - /admin
[2025-02-28 01:49:04] - ::1 - /admin
[2025-02-28 01:50:38] - ::1 - /admin
[2025-02-28 01:50:38] - ::1 - /admin
[2025-02-28 01:50:39] - ::1 - /admin
[2025-02-28 01:50:39] - ::1 - /admin
[2025-02-28 01:50:40] - ::1 - /admin
[2025-02-28 01:50:41] - ::1 - /admin
[2025-02-28 01:50:41] - ::1 - /admin
[2025-02-28 01:50:42] - ::1 - /admin
[2025-02-28 01:50:42] - ::1 - /admin
[2025-02-28 01:50:43] - ::1 - /admin
[2025-02-28 01:50:43] - ::1 - /admin
[2025-02-28 01:50:44] - ::1 - /admin
[2025-02-28 01:50:45] - ::1 - /admin
[2025-02-28 01:50:45] - ::1 - /admin
[2025-02-28 01:50:46] - ::1 - /admin
[2025-02-28 01:50:46] - ::1 - /admin
[2025-02-28 01:50:47] - ::1 - /admin
[2025-02-28 01:50:47] - ::1 - /admin
[2025-02-28 01:50:48] - ::1 - /admin
[2025-02-28 01:50:49] - ::1 - /admin
[2025-02-28 01:50:49] - ::1 - /admin
[2025-02-28 01:50:50] - ::1 - /admin
[2025-02-28 01:50:50] - ::1 - /admin
[2025-02-28 01:50:51] - ::1 - /admin
[2025-02-28 01:50:51] - ::1 - /admin
[2025-02-28 01:50:52] - ::1 - /admin
[2025-02-28 01:50:53] - ::1 - /admin
[2025-02-28 01:50:53] - ::1 - /admin
[2025-02-28 01:50:54] - ::1 - /admin
[2025-02-28 01:50:54] - ::1 - /admin
[2025-02-28 01:50:55] - ::1 - /admin
[2025-02-28 01:50:56] - ::1 - /admin
[2025-02-28 01:52:37] - ::1 - /admin
[2025-02-28 01:52:38] - ::1 - /admin
[2025-02-28 01:52:38] - ::1 - /admin
[2025-02-28 01:52:39] - ::1 - /admin
[2025-02-28 01:52:40] - ::1 - /admin
[2025-02-28 01:52:44] - ::1 - /admin
[2025-02-28 01:52:50] - ::1 - /admin
[2025-02-28 01:52:51] - ::1 - /admin
[2025-02-28 01:52:52] - ::1 - /admin
[2025-02-28 01:52:52] - ::1 - /admin
[2025-02-28 01:52:53] - ::1 - /admin
[2025-02-28 01:52:53] - ::1 - /admin
[2025-02-28 01:52:55] - ::1 - /admin
[2025-02-28 01:52:56] - ::1 - /admin
[2025-02-28 01:52:57] - ::1 - /admin
[2025-02-28 01:52:57] - ::1 - /admin
[2025-02-28 01:53:00] - ::1 - /admin
[2025-02-28 01:53:01] - ::1 - /admin
[2025-02-28 01:53:03] - ::1 - /admin
[2025-02-28 01:53:04] - ::1 - /admin
[2025-02-28 01:53:06] - ::1 - /admin
[2025-02-28 01:53:06] - ::1 - /admin
[2025-02-28 01:53:39] - ::1 - /admin
[2025-02-28 01:53:40] - ::1 - /admin
[2025-02-28 01:53:41] - ::1 - /admin
[2025-02-28 01:53:41] - ::1 - /admin
[2025-02-28 01:53:42] - ::1 - /admin
[2025-02-28 01:53:43] - ::1 - /admin
[2025-02-28 01:53:43] - ::1 - /admin
[2025-02-28 01:53:44] - ::1 - /admin
[2025-02-28 01:53:45] - ::1 - /admin
[2025-02-28 01:53:46] - ::1 - /admin
[2025-02-28 01:53:47] - ::1 - /admin
[2025-02-28 01:53:47] - ::1 - /admin
[2025-02-28 01:53:48] - ::1 - /admin
[2025-02-28 01:53:49] - ::1 - /admin
[2025-02-28 01:53:49] - ::1 - /admin
[2025-02-28 01:53:50] - ::1 - /admin
[2025-02-28 01:53:51] - ::1 - /admin
[2025-02-28 01:53:51] - ::1 - /admin
[2025-02-28 01:53:52] - ::1 - /admin
[2025-02-28 01:53:53] - ::1 - /admin
[2025-02-28 01:53:53] - ::1 - /admin
[2025-02-28 01:53:54] - ::1 - /admin
[2025-02-28 01:53:55] - ::1 - /admin
[2025-02-28 01:53:55] - ::1 - /admin
[2025-02-28 01:53:56] - ::1 - /admin
[2025-02-28 01:53:57] - ::1 - /admin
[2025-02-28 01:53:57] - ::1 - /admin
[2025-02-28 01:53:58] - ::1 - /admin
[2025-02-28 01:53:59] - ::1 - /admin
[2025-02-28 01:53:59] - ::1 - /admin
[2025-02-28 01:54:00] - ::1 - /admin
[2025-02-28 01:54:01] - ::1 - /admin
[2025-02-28 01:54:01] - ::1 - /admin
[2025-02-28 01:54:02] - ::1 - /admin
[2025-02-28 01:54:03] - ::1 - /admin
[2025-02-28 01:54:03] - ::1 - /admin
[2025-02-28 01:54:04] - ::1 - /admin
[2025-02-28 01:54:05] - ::1 - /admin
[2025-02-28 01:54:05] - ::1 - /admin
[2025-02-28 01:54:06] - ::1 - /admin
[2025-02-28 01:54:07] - ::1 - /admin
[2025-02-28 01:54:07] - ::1 - /admin
[2025-02-28 01:54:08] - ::1 - /admin
[2025-02-28 01:54:09] - ::1 - /admin
[2025-02-28 01:54:09] - ::1 - /admin
[2025-02-28 01:54:10] - ::1 - /admin
[2025-02-28 01:54:11] - ::1 - /admin
[2025-02-28 01:54:12] - ::1 - /admin
[2025-02-28 01:54:12] - ::1 - /admin
[2025-02-28 01:54:13] - ::1 - /admin
[2025-02-28 01:54:14] - ::1 - /admin
[2025-02-28 01:54:14] - ::1 - /admin
[2025-02-28 01:54:15] - ::1 - /admin
[2025-02-28 01:54:16] - ::1 - /admin
[2025-02-28 01:54:16] - ::1 - /admin
[2025-02-28 01:54:17] - ::1 - /admin
[2025-02-28 01:54:18] - ::1 - /admin
[2025-02-28 01:54:18] - ::1 - /admin
[2025-02-28 01:54:19] - ::1 - /admin
[2025-02-28 01:54:20] - ::1 - /admin
[2025-02-28 01:54:20] - ::1 - /admin
[2025-02-28 01:54:21] - ::1 - /admin
[2025-02-28 01:54:22] - ::1 - /admin
[2025-02-28 01:54:22] - ::1 - /admin
[2025-02-28 01:54:23] - ::1 - /admin
[2025-02-28 01:54:24] - ::1 - /admin
[2025-02-28 01:54:25] - ::1 - /admin
[2025-02-28 01:54:25] - ::1 - /admin
[2025-02-28 01:54:53] - ::1 - /admin
[2025-02-28 01:56:47] - ::1 - /admin
[2025-02-28 01:56:48] - ::1 - /admin
[2025-02-28 01:56:48] - ::1 - /admin
[2025-02-28 01:56:49] - ::1 - /admin
[2025-02-28 01:56:50] - ::1 - /admin
[2025-02-28 01:56:50] - ::1 - /admin
[2025-02-28 01:58:02] - ::1 - /admin
[2025-02-28 01:59:16] - ::1 - /admin
[2025-02-28 01:59:35] - ::1 - /admin
[2025-02-28 01:59:35] - ::1 - /admin
[2025-02-28 01:59:36] - ::1 - /admin
[2025-02-28 01:59:37] - ::1 - /admin
[2025-02-28 01:59:38] - ::1 - /admin
[2025-02-28 01:59:38] - ::1 - /admin
[2025-02-28 01:59:39] - ::1 - /admin
[2025-02-28 01:59:40] - ::1 - /admin
[2025-02-28 01:59:40] - ::1 - /admin
[2025-02-28 01:59:41] - ::1 - /admin
[2025-02-28 01:59:42] - ::1 - /admin
[2025-02-28 01:59:42] - ::1 - /admin
[2025-02-28 01:59:50] - ::1 - /admin
[2025-02-28 01:59:50] - ::1 - /admin
[2025-02-28 01:59:51] - ::1 - /admin
[2025-02-28 01:59:51] - ::1 - /admin
[2025-02-28 01:59:52] - ::1 - /admin
[2025-02-28 01:59:53] - ::1 - /admin
[2025-02-28 01:59:53] - ::1 - /admin
[2025-02-28 01:59:54] - ::1 - /admin
[2025-02-28 01:59:54] - ::1 - /admin
[2025-02-28 01:59:55] - ::1 - /admin
[2025-02-28 01:59:55] - ::1 - /admin
[2025-02-28 01:59:56] - ::1 - /admin
[2025-02-28 01:59:57] - ::1 - /admin
[2025-02-28 01:59:57] - ::1 - /admin
[2025-02-28 01:59:58] - ::1 - /admin
[2025-02-28 01:59:58] - ::1 - /admin
[2025-02-28 01:59:59] - ::1 - /admin
[2025-02-28 02:00:00] - ::1 - /admin
[2025-02-28 02:00:00] - ::1 - /admin
[2025-02-28 02:00:01] - ::1 - /admin
[2025-02-28 02:00:02] - ::1 - /admin
[2025-02-28 02:00:02] - ::1 - /admin
[2025-02-28 02:00:03] - ::1 - /admin
[2025-02-28 02:00:03] - ::1 - /admin
[2025-02-28 02:00:04] - ::1 - /admin
[2025-02-28 02:00:05] - ::1 - /admin
[2025-02-28 02:00:05] - ::1 - /admin
[2025-02-28 02:00:06] - ::1 - /admin
[2025-02-28 02:00:07] - ::1 - /admin
[2025-02-28 02:00:08] - ::1 - /admin
[2025-02-28 02:00:08] - ::1 - /admin
[2025-02-28 02:00:09] - ::1 - /admin
[2025-02-28 02:00:09] - ::1 - /admin
[2025-02-28 02:00:10] - ::1 - /admin
[2025-02-28 02:00:11] - ::1 - /admin
[2025-02-28 02:00:11] - ::1 - /admin
[2025-02-28 02:00:12] - ::1 - /admin
[2025-02-28 02:00:13] - ::1 - /admin
[2025-02-28 02:00:13] - ::1 - /admin
[2025-02-28 02:00:14] - ::1 - /admin
[2025-02-28 02:00:15] - ::1 - /admin
[2025-02-28 02:00:16] - ::1 - /admin
[2025-02-28 02:00:16] - ::1 - /admin
[2025-02-28 02:00:17] - ::1 - /admin
[2025-02-28 02:00:17] - ::1 - /admin
[2025-02-28 02:00:18] - ::1 - /admin
[2025-02-28 02:00:19] - ::1 - /admin
[2025-02-28 02:00:20] - ::1 - /admin
[2025-02-28 02:00:20] - ::1 - /admin
[2025-02-28 02:00:21] - ::1 - /admin
[2025-02-28 02:00:22] - ::1 - /admin
[2025-02-28 02:00:22] - ::1 - /admin
[2025-02-28 02:00:23] - ::1 - /admin
[2025-02-28 02:00:52] - ::1 - /admin
[2025-02-28 02:00:52] - ::1 - /admin
[2025-02-28 02:00:53] - ::1 - /admin
[2025-02-28 02:00:53] - ::1 - /admin
[2025-02-28 02:00:54] - ::1 - /admin
[2025-02-28 02:00:55] - ::1 - /admin
[2025-02-28 02:00:55] - ::1 - /admin
[2025-02-28 02:00:56] - ::1 - /admin
[2025-02-28 02:00:56] - ::1 - /admin
[2025-02-28 02:00:57] - ::1 - /admin
[2025-02-28 02:00:57] - ::1 - /admin
[2025-02-28 02:00:58] - ::1 - /admin
[2025-02-28 02:00:58] - ::1 - /admin
[2025-02-28 02:00:59] - ::1 - /admin
[2025-02-28 02:01:00] - ::1 - /admin
[2025-02-28 02:01:00] - ::1 - /admin
[2025-02-28 02:01:01] - ::1 - /admin
[2025-02-28 02:01:01] - ::1 - /admin
[2025-02-28 02:01:02] - ::1 - /admin
[2025-02-28 02:01:03] - ::1 - /admin
[2025-02-28 02:01:03] - ::1 - /admin
[2025-02-28 02:01:04] - ::1 - /admin
[2025-02-28 02:01:05] - ::1 - /admin
[2025-02-28 02:01:05] - ::1 - /admin
[2025-02-28 02:01:06] - ::1 - /admin
[2025-02-28 02:01:06] - ::1 - /admin
[2025-02-28 02:01:07] - ::1 - /admin
[2025-02-28 02:01:08] - ::1 - /admin
[2025-02-28 02:01:08] - ::1 - /admin
[2025-02-28 02:01:09] - ::1 - /admin
[2025-02-28 02:01:10] - ::1 - /admin
[2025-02-28 02:01:10] - ::1 - /admin
[2025-02-28 02:01:11] - ::1 - /admin
[2025-02-28 02:01:11] - ::1 - /admin
[2025-02-28 02:01:12] - ::1 - /admin
[2025-02-28 02:01:13] - ::1 - /admin
[2025-02-28 02:01:14] - ::1 - /admin
[2025-02-28 02:01:15] - ::1 - /admin
[2025-02-28 02:01:29] - ::1 - /admin
[2025-02-28 02:01:30] - ::1 - /admin
[2025-02-28 02:01:31] - ::1 - /admin
[2025-02-28 02:01:31] - ::1 - /admin
[2025-02-28 02:01:32] - ::1 - /admin
[2025-02-28 02:01:32] - ::1 - /admin
[2025-02-28 02:01:33] - ::1 - /admin
[2025-02-28 02:01:33] - ::1 - /admin
[2025-02-28 02:01:34] - ::1 - /admin
[2025-02-28 02:01:35] - ::1 - /admin
[2025-02-28 02:01:54] - ::1 - /admin
[2025-02-28 02:01:55] - ::1 - /admin
[2025-02-28 02:01:57] - ::1 - /admin
[2025-02-28 02:01:57] - ::1 - /admin
[2025-02-28 02:01:58] - ::1 - /admin
[2025-02-28 02:01:59] - ::1 - /admin
[2025-02-28 02:01:59] - ::1 - /admin
[2025-02-28 02:02:00] - ::1 - /admin
[2025-02-28 02:02:01] - ::1 - /admin
[2025-02-28 02:02:01] - ::1 - /admin
[2025-02-28 02:02:02] - ::1 - /admin
[2025-02-28 02:02:03] - ::1 - /admin
[2025-02-28 02:02:03] - ::1 - /admin
[2025-02-28 02:02:05] - ::1 - /admin
[2025-02-28 02:02:05] - ::1 - /admin
[2025-02-28 02:02:06] - ::1 - /admin
[2025-02-28 02:02:07] - ::1 - /admin
[2025-02-28 02:02:08] - ::1 - /admin
[2025-02-28 02:02:08] - ::1 - /admin
[2025-02-28 02:02:09] - ::1 - /admin
[2025-02-28 02:02:10] - ::1 - /admin
[2025-02-28 02:02:10] - ::1 - /admin
[2025-02-28 02:02:11] - ::1 - /admin
[2025-02-28 02:02:11] - ::1 - /admin
[2025-02-28 02:02:35] - ::1 - /admin
[2025-02-28 02:02:36] - ::1 - /admin
[2025-02-28 02:02:36] - ::1 - /admin
[2025-02-28 02:02:37] - ::1 - /admin
[2025-02-28 02:02:38] - ::1 - /admin
[2025-02-28 02:02:38] - ::1 - /admin
[2025-02-28 02:02:39] - ::1 - /admin
[2025-02-28 02:02:40] - ::1 - /admin
[2025-02-28 02:02:40] - ::1 - /admin
[2025-02-28 02:02:41] - ::1 - /admin
[2025-02-28 02:02:42] - ::1 - /admin
[2025-02-28 02:02:42] - ::1 - /admin
[2025-02-28 02:02:43] - ::1 - /admin
[2025-02-28 02:02:44] - ::1 - /admin
[2025-02-28 02:02:44] - ::1 - /admin
[2025-02-28 02:02:45] - ::1 - /admin
[2025-02-28 02:02:54] - ::1 - /admin
[2025-02-28 02:02:54] - ::1 - /admin
[2025-02-28 02:02:55] - ::1 - /admin
[2025-02-28 02:02:55] - ::1 - /admin
[2025-02-28 02:02:56] - ::1 - /admin
[2025-02-28 02:02:57] - ::1 - /admin
[2025-02-28 02:02:57] - ::1 - /admin
[2025-02-28 02:02:58] - ::1 - /admin
[2025-02-28 02:02:58] - ::1 - /admin
[2025-02-28 02:02:59] - ::1 - /admin
[2025-02-28 02:03:00] - ::1 - /admin
[2025-02-28 02:03:00] - ::1 - /admin
[2025-02-28 02:03:01] - ::1 - /admin
[2025-02-28 02:03:01] - ::1 - /admin
[2025-02-28 02:03:02] - ::1 - /admin
[2025-02-28 02:03:03] - ::1 - /admin
[2025-02-28 02:03:32] - ::1 - /admin
[2025-02-28 02:03:32] - ::1 - /admin
[2025-02-28 02:03:33] - ::1 - /admin
[2025-02-28 02:03:34] - ::1 - /admin
[2025-02-28 02:03:34] - ::1 - /admin
[2025-02-28 02:03:35] - ::1 - /admin
[2025-02-28 02:03:35] - ::1 - /admin
[2025-02-28 02:03:36] - ::1 - /admin
[2025-02-28 02:03:36] - ::1 - /admin
[2025-02-28 02:03:37] - ::1 - /admin
[2025-02-28 02:03:38] - ::1 - /admin
[2025-02-28 02:03:38] - ::1 - /admin
[2025-02-28 02:03:39] - ::1 - /admin
[2025-02-28 02:03:39] - ::1 - /admin
[2025-02-28 02:03:40] - ::1 - /admin
[2025-02-28 02:03:40] - ::1 - /admin
[2025-02-28 02:03:41] - ::1 - /admin
[2025-02-28 02:03:42] - ::1 - /admin
[2025-02-28 02:03:42] - ::1 - /admin
[2025-02-28 02:03:43] - ::1 - /admin
[2025-02-28 02:03:43] - ::1 - /admin
[2025-02-28 02:03:44] - ::1 - /admin
[2025-02-28 02:03:44] - ::1 - /admin
[2025-02-28 02:03:45] - ::1 - /admin
[2025-02-28 02:03:46] - ::1 - /admin
[2025-02-28 02:03:46] - ::1 - /admin
[2025-02-28 02:03:47] - ::1 - /admin
[2025-02-28 02:03:47] - ::1 - /admin
[2025-02-28 02:03:48] - ::1 - /admin
[2025-02-28 02:03:48] - ::1 - /admin
[2025-02-28 02:03:49] - ::1 - /admin
[2025-02-28 02:03:50] - ::1 - /admin
[2025-02-28 02:03:50] - ::1 - /admin
[2025-02-28 02:03:51] - ::1 - /admin
[2025-02-28 02:03:52] - ::1 - /admin
[2025-02-28 02:03:52] - ::1 - /admin
[2025-02-28 02:03:53] - ::1 - /admin
[2025-02-28 02:03:53] - ::1 - /admin
[2025-02-28 02:03:54] - ::1 - /admin
[2025-02-28 02:03:54] - ::1 - /admin
[2025-02-28 02:03:55] - ::1 - /admin
[2025-02-28 02:03:56] - ::1 - /admin
[2025-02-28 02:03:56] - ::1 - /admin
[2025-02-28 02:03:57] - ::1 - /admin
[2025-02-28 02:03:58] - ::1 - /admin
[2025-02-28 02:03:58] - ::1 - /admin
[2025-02-28 02:03:59] - ::1 - /admin
[2025-02-28 02:03:59] - ::1 - /admin
[2025-02-28 02:04:00] - ::1 - /admin
[2025-02-28 02:04:01] - ::1 - /admin
[2025-02-28 02:04:01] - ::1 - /admin
[2025-02-28 02:04:02] - ::1 - /admin
[2025-02-28 02:04:02] - ::1 - /admin
[2025-02-28 02:04:03] - ::1 - /admin
[2025-02-28 02:04:03] - ::1 - /admin
[2025-02-28 02:04:04] - ::1 - /admin
[2025-02-28 02:04:05] - ::1 - /admin
[2025-02-28 02:04:05] - ::1 - /admin
[2025-02-28 02:04:06] - ::1 - /admin
[2025-02-28 02:04:06] - ::1 - /admin
[2025-02-28 02:04:07] - ::1 - /admin
[2025-02-28 02:04:08] - ::1 - /admin
[2025-02-28 02:04:08] - ::1 - /admin
[2025-02-28 02:04:09] - ::1 - /admin
[2025-02-28 02:04:09] - ::1 - /admin
[2025-02-28 02:04:10] - ::1 - /admin
[2025-02-28 02:04:10] - ::1 - /admin
[2025-02-28 02:04:11] - ::1 - /admin
[2025-02-28 02:04:12] - ::1 - /admin
[2025-02-28 02:04:12] - ::1 - /admin
[2025-02-28 02:04:13] - ::1 - /admin
[2025-02-28 02:04:13] - ::1 - /admin
[2025-02-28 02:04:14] - ::1 - /admin
[2025-02-28 02:04:14] - ::1 - /admin
[2025-02-28 02:04:15] - ::1 - /admin
[2025-02-28 02:04:16] - ::1 - /admin
[2025-02-28 02:04:16] - ::1 - /admin
[2025-02-28 02:04:17] - ::1 - /admin
[2025-02-28 02:04:18] - ::1 - /admin
[2025-02-28 02:04:18] - ::1 - /admin
[2025-02-28 02:04:19] - ::1 - /admin
[2025-02-28 02:04:19] - ::1 - /admin
[2025-02-28 02:04:20] - ::1 - /admin
[2025-02-28 02:04:20] - ::1 - /admin
[2025-02-28 02:04:21] - ::1 - /admin
[2025-02-28 02:04:22] - ::1 - /admin
[2025-02-28 02:04:22] - ::1 - /admin
[2025-02-28 02:04:23] - ::1 - /admin
[2025-02-28 02:04:23] - ::1 - /admin
[2025-02-28 02:04:24] - ::1 - /admin
[2025-02-28 02:04:24] - ::1 - /admin
[2025-02-28 02:04:25] - ::1 - /admin
[2025-02-28 02:04:26] - ::1 - /admin
[2025-02-28 02:04:26] - ::1 - /admin
[2025-02-28 02:04:27] - ::1 - /admin
[2025-02-28 02:04:28] - ::1 - /admin
[2025-02-28 02:04:28] - ::1 - /admin
[2025-02-28 02:04:29] - ::1 - /admin
[2025-02-28 02:04:29] - ::1 - /admin
[2025-02-28 02:04:30] - ::1 - /admin
[2025-02-28 02:04:31] - ::1 - /admin
[2025-02-28 02:04:31] - ::1 - /admin
[2025-02-28 02:04:32] - ::1 - /admin
[2025-02-28 02:04:32] - ::1 - /admin
[2025-02-28 02:04:33] - ::1 - /admin
[2025-02-28 02:04:33] - ::1 - /admin
[2025-02-28 02:04:34] - ::1 - /admin
[2025-02-28 02:04:35] - ::1 - /admin
[2025-02-28 02:04:35] - ::1 - /admin
[2025-02-28 02:04:36] - ::1 - /admin
[2025-02-28 02:04:36] - ::1 - /admin
[2025-02-28 02:04:37] - ::1 - /admin
[2025-02-28 02:04:38] - ::1 - /admin
[2025-02-28 02:04:38] - ::1 - /admin
[2025-02-28 02:04:39] - ::1 - /admin
[2025-02-28 02:04:40] - ::1 - /admin
[2025-02-28 02:04:40] - ::1 - /admin
[2025-02-28 02:04:41] - ::1 - /admin
[2025-02-28 02:04:42] - ::1 - /admin
[2025-02-28 02:04:42] - ::1 - /admin
[2025-02-28 02:04:43] - ::1 - /admin
[2025-02-28 02:04:43] - ::1 - /admin
[2025-02-28 02:04:44] - ::1 - /admin
[2025-02-28 02:04:45] - ::1 - /admin
[2025-02-28 02:04:45] - ::1 - /admin
[2025-02-28 02:04:46] - ::1 - /admin
[2025-02-28 02:04:47] - ::1 - /admin
[2025-02-28 02:04:47] - ::1 - /admin
[2025-02-28 02:04:48] - ::1 - /admin
[2025-02-28 02:04:49] - ::1 - /admin
[2025-02-28 02:04:49] - ::1 - /admin
[2025-02-28 02:04:50] - ::1 - /admin
[2025-02-28 02:04:51] - ::1 - /admin
[2025-02-28 02:04:58] - ::1 - /admin
[2025-02-28 02:04:59] - ::1 - /admin
[2025-02-28 02:04:59] - ::1 - /admin
[2025-02-28 02:05:00] - ::1 - /admin
[2025-02-28 02:05:00] - ::1 - /admin
[2025-02-28 02:05:01] - ::1 - /admin
[2025-02-28 02:05:01] - ::1 - /admin
[2025-02-28 02:05:02] - ::1 - /admin
[2025-02-28 02:05:03] - ::1 - /admin
[2025-02-28 02:05:03] - ::1 - /admin
[2025-02-28 02:05:04] - ::1 - /admin
[2025-02-28 02:05:04] - ::1 - /admin
[2025-02-28 02:05:05] - ::1 - /admin
[2025-02-28 02:05:05] - ::1 - /admin
[2025-02-28 02:05:06] - ::1 - /admin
[2025-02-28 02:05:07] - ::1 - /admin
[2025-02-28 02:05:07] - ::1 - /admin
[2025-02-28 02:05:08] - ::1 - /admin
[2025-02-28 02:05:08] - ::1 - /admin
[2025-02-28 02:05:09] - ::1 - /admin
[2025-02-28 02:05:09] - ::1 - /admin
[2025-02-28 02:05:10] - ::1 - /admin
[2025-02-28 02:05:11] - ::1 - /admin
[2025-02-28 02:05:11] - ::1 - /admin
[2025-02-28 02:05:12] - ::1 - /admin
[2025-02-28 02:05:13] - ::1 - /admin
[2025-02-28 02:05:13] - ::1 - /admin
[2025-02-28 02:05:14] - ::1 - /admin
[2025-02-28 02:05:15] - ::1 - /admin
[2025-02-28 02:05:15] - ::1 - /admin
[2025-02-28 02:05:16] - ::1 - /admin
[2025-02-28 02:05:17] - ::1 - /admin
[2025-02-28 02:05:17] - ::1 - /admin
[2025-02-28 02:05:18] - ::1 - /admin
[2025-02-28 02:05:18] - ::1 - /admin
[2025-02-28 02:05:19] - ::1 - /admin
[2025-02-28 02:05:19] - ::1 - /admin
[2025-02-28 02:05:20] - ::1 - /admin
[2025-02-28 02:07:59] - ::1 - /admin
[2025-02-28 02:08:00] - ::1 - /admin
[2025-02-28 02:08:00] - ::1 - /admin
[2025-02-28 02:08:01] - ::1 - /admin
[2025-02-28 02:08:01] - ::1 - /admin
[2025-02-28 02:08:02] - ::1 - /admin
[2025-02-28 02:08:02] - ::1 - /admin
[2025-02-28 02:08:03] - ::1 - /admin
[2025-02-28 02:08:03] - ::1 - /admin
[2025-02-28 02:08:04] - ::1 - /admin
[2025-02-28 02:08:05] - ::1 - /admin
[2025-02-28 02:08:05] - ::1 - /admin
[2025-02-28 02:08:06] - ::1 - /admin
[2025-02-28 02:08:06] - ::1 - /admin
[2025-02-28 02:08:07] - ::1 - /admin
[2025-02-28 02:08:07] - ::1 - /admin
[2025-02-28 02:08:08] - ::1 - /admin
[2025-02-28 02:08:08] - ::1 - /admin
[2025-02-28 02:08:09] - ::1 - /admin
[2025-02-28 02:08:09] - ::1 - /admin
[2025-02-28 02:08:10] - ::1 - /admin
[2025-02-28 02:08:11] - ::1 - /admin
[2025-02-28 02:08:11] - ::1 - /admin
[2025-02-28 02:08:12] - ::1 - /admin
[2025-02-28 02:08:12] - ::1 - /admin
[2025-02-28 02:08:13] - ::1 - /admin
[2025-02-28 02:08:13] - ::1 - /admin
[2025-02-28 02:08:14] - ::1 - /admin
[2025-02-28 02:08:14] - ::1 - /admin
[2025-02-28 02:08:15] - ::1 - /admin
[2025-02-28 02:08:15] - ::1 - /admin
[2025-02-28 02:08:16] - ::1 - /admin
[2025-02-28 02:08:17] - ::1 - /admin
[2025-02-28 02:08:17] - ::1 - /admin
[2025-02-28 02:08:18] - ::1 - /admin
[2025-02-28 02:08:18] - ::1 - /admin
[2025-02-28 02:08:19] - ::1 - /admin
[2025-02-28 02:08:19] - ::1 - /admin
[2025-02-28 02:08:20] - ::1 - /admin
[2025-02-28 02:08:20] - ::1 - /admin
[2025-02-28 02:08:21] - ::1 - /admin
[2025-02-28 02:08:22] - ::1 - /admin
[2025-02-28 02:08:22] - ::1 - /admin
[2025-02-28 02:08:23] - ::1 - /admin
[2025-02-28 02:08:23] - ::1 - /admin
[2025-02-28 02:08:24] - ::1 - /admin
[2025-02-28 02:08:24] - ::1 - /admin
[2025-02-28 02:08:25] - ::1 - /admin
[2025-02-28 02:08:25] - ::1 - /admin
[2025-02-28 02:08:26] - ::1 - /admin
[2025-02-28 02:08:27] - ::1 - /admin
[2025-02-28 02:08:27] - ::1 - /admin
[2025-02-28 02:08:28] - ::1 - /admin
[2025-02-28 02:08:28] - ::1 - /admin
[2025-02-28 02:08:29] - ::1 - /admin
[2025-02-28 02:08:30] - ::1 - /admin
[2025-02-28 02:08:30] - ::1 - /admin
[2025-02-28 02:08:31] - ::1 - /admin
[2025-02-28 02:08:32] - ::1 - /admin
[2025-02-28 02:08:32] - ::1 - /admin
[2025-02-28 02:08:33] - ::1 - /admin
[2025-02-28 02:08:33] - ::1 - /admin
[2025-02-28 02:08:34] - ::1 - /admin
[2025-02-28 02:08:35] - ::1 - /admin
[2025-02-28 02:08:35] - ::1 - /admin
[2025-02-28 02:08:36] - ::1 - /admin
[2025-02-28 02:08:36] - ::1 - /admin
[2025-02-28 02:08:37] - ::1 - /admin
[2025-02-28 02:08:38] - ::1 - /admin
[2025-02-28 02:08:50] - ::1 - /admin
[2025-02-28 02:08:50] - ::1 - /admin
[2025-02-28 02:09:00] - ::1 - /admin
[2025-02-28 02:09:01] - ::1 - /admin
[2025-02-28 02:09:02] - ::1 - /admin
[2025-02-28 02:09:02] - ::1 - /admin
[2025-02-28 02:09:03] - ::1 - /admin
[2025-02-28 02:09:04] - ::1 - /admin
[2025-02-28 02:09:04] - ::1 - /admin
[2025-02-28 02:09:05] - ::1 - /admin
[2025-02-28 02:09:05] - ::1 - /admin
[2025-02-28 02:09:06] - ::1 - /admin
[2025-02-28 02:09:07] - ::1 - /admin
[2025-02-28 02:09:07] - ::1 - /admin
[2025-02-28 02:09:08] - ::1 - /admin
[2025-02-28 02:09:09] - ::1 - /admin
[2025-02-28 02:09:09] - ::1 - /admin
[2025-02-28 02:09:10] - ::1 - /admin
[2025-02-28 02:09:11] - ::1 - /admin
[2025-02-28 02:09:11] - ::1 - /admin
[2025-02-28 02:09:12] - ::1 - /admin
[2025-02-28 02:09:13] - ::1 - /admin
[2025-02-28 02:09:13] - ::1 - /admin
[2025-02-28 02:09:14] - ::1 - /admin
[2025-02-28 02:09:14] - ::1 - /admin
[2025-02-28 02:09:15] - ::1 - /admin
[2025-02-28 02:09:16] - ::1 - /admin
[2025-02-28 02:09:16] - ::1 - /admin
[2025-02-28 02:09:18] - ::1 - /admin
[2025-02-28 02:09:18] - ::1 - /admin
[2025-02-28 02:09:19] - ::1 - /admin
[2025-02-28 02:09:21] - ::1 - /admin
[2025-02-28 02:09:22] - ::1 - /admin
[2025-02-28 02:09:22] - ::1 - /admin
[2025-02-28 02:09:25] - ::1 - /admin
[2025-02-28 02:09:25] - ::1 - /admin
[2025-02-28 02:09:26] - ::1 - /admin
[2025-02-28 02:09:27] - ::1 - /admin
[2025-02-28 02:09:27] - ::1 - /admin
[2025-02-28 02:09:28] - ::1 - /admin
[2025-02-28 02:09:52] - ::1 - /admin
[2025-02-28 02:09:53] - ::1 - /admin
[2025-02-28 02:09:53] - ::1 - /admin
[2025-02-28 02:09:54] - ::1 - /admin
[2025-02-28 02:09:55] - ::1 - /admin
[2025-02-28 02:09:55] - ::1 - /admin
[2025-02-28 02:09:56] - ::1 - /admin
[2025-02-28 02:09:56] - ::1 - /admin
[2025-02-28 02:09:57] - ::1 - /admin
[2025-02-28 02:09:57] - ::1 - /admin
[2025-02-28 02:09:58] - ::1 - /admin
[2025-02-28 02:09:58] - ::1 - /admin
[2025-02-28 02:09:59] - ::1 - /admin
[2025-02-28 02:10:00] - ::1 - /admin
[2025-02-28 02:10:00] - ::1 - /admin
[2025-02-28 02:10:01] - ::1 - /admin
[2025-02-28 02:10:02] - ::1 - /admin
[2025-02-28 02:10:02] - ::1 - /admin
[2025-02-28 02:10:04] - ::1 - /admin
[2025-02-28 02:10:05] - ::1 - /admin
[2025-02-28 02:10:05] - ::1 - /admin
[2025-02-28 02:10:06] - ::1 - /admin
[2025-02-28 02:10:07] - ::1 - /admin
[2025-02-28 02:10:07] - ::1 - /admin
[2025-02-28 02:10:08] - ::1 - /admin
[2025-02-28 02:10:08] - ::1 - /admin
[2025-02-28 02:10:09] - ::1 - /admin
[2025-02-28 02:10:10] - ::1 - /admin
[2025-02-28 02:10:10] - ::1 - /admin
[2025-02-28 02:10:11] - ::1 - /admin
[2025-02-28 02:10:12] - ::1 - /admin
[2025-02-28 02:10:12] - ::1 - /admin
[2025-02-28 02:10:13] - ::1 - /admin
[2025-02-28 02:10:14] - ::1 - /admin
[2025-02-28 02:10:14] - ::1 - /admin
[2025-02-28 02:10:15] - ::1 - /admin
[2025-02-28 02:10:16] - ::1 - /admin
[2025-02-28 02:10:25] - ::1 - /admin
[2025-02-28 02:10:25] - ::1 - /admin
[2025-02-28 02:10:26] - ::1 - /admin
[2025-02-28 02:10:26] - ::1 - /admin
[2025-02-28 02:10:27] - ::1 - /admin
[2025-02-28 02:10:28] - ::1 - /admin
[2025-02-28 02:10:28] - ::1 - /admin
[2025-02-28 02:10:29] - ::1 - /admin
[2025-02-28 02:10:30] - ::1 - /admin
[2025-02-28 02:10:31] - ::1 - /admin
[2025-02-28 02:10:31] - ::1 - /admin
[2025-02-28 02:10:32] - ::1 - /admin
[2025-02-28 02:10:33] - ::1 - /admin
[2025-02-28 02:10:33] - ::1 - /admin
[2025-02-28 02:10:34] - ::1 - /admin
[2025-02-28 02:10:34] - ::1 - /admin
[2025-02-28 02:10:35] - ::1 - /admin
[2025-02-28 02:10:36] - ::1 - /admin
[2025-02-28 02:10:37] - ::1 - /admin
[2025-02-28 02:10:37] - ::1 - /admin
[2025-02-28 02:10:38] - ::1 - /admin
[2025-02-28 02:10:38] - ::1 - /admin
[2025-02-28 02:10:39] - ::1 - /admin
[2025-02-28 02:11:00] - ::1 - /admin
[2025-02-28 02:11:01] - ::1 - /admin
[2025-02-28 02:11:01] - ::1 - /admin
[2025-02-28 02:11:02] - ::1 - /admin
[2025-02-28 02:11:02] - ::1 - /admin
[2025-02-28 02:11:03] - ::1 - /admin
[2025-02-28 02:11:03] - ::1 - /admin
[2025-02-28 02:11:04] - ::1 - /admin
[2025-02-28 02:11:05] - ::1 - /admin
[2025-02-28 02:11:05] - ::1 - /admin
[2025-02-28 02:11:06] - ::1 - /admin
[2025-02-28 02:11:06] - ::1 - /admin
[2025-02-28 02:11:07] - ::1 - /admin
[2025-02-28 02:11:07] - ::1 - /admin
[2025-02-28 02:11:08] - ::1 - /admin
[2025-02-28 02:11:09] - ::1 - /admin
[2025-02-28 02:11:58] - ::1 - /admin
[2025-02-28 02:11:58] - ::1 - /admin
[2025-02-28 02:11:59] - ::1 - /admin
[2025-02-28 02:12:00] - ::1 - /admin
[2025-02-28 02:12:00] - ::1 - /admin
[2025-02-28 02:12:01] - ::1 - /admin
[2025-02-28 02:12:01] - ::1 - /admin
[2025-02-28 02:12:02] - ::1 - /admin
[2025-02-28 02:12:02] - ::1 - /admin
[2025-02-28 02:12:03] - ::1 - /admin
[2025-02-28 02:12:04] - ::1 - /admin
[2025-02-28 02:12:04] - ::1 - /admin
[2025-02-28 02:12:05] - ::1 - /admin
[2025-02-28 02:12:05] - ::1 - /admin
[2025-02-28 02:12:06] - ::1 - /admin
[2025-02-28 02:12:06] - ::1 - /admin
[2025-02-28 02:12:07] - ::1 - /admin
[2025-02-28 02:12:08] - ::1 - /admin
[2025-02-28 02:12:22] - ::1 - /admin
[2025-02-28 02:12:23] - ::1 - /admin
[2025-02-28 02:12:23] - ::1 - /admin
[2025-02-28 02:12:24] - ::1 - /admin
[2025-02-28 02:12:24] - ::1 - /admin
[2025-02-28 02:12:25] - ::1 - /admin
[2025-02-28 02:12:25] - ::1 - /admin
[2025-02-28 02:12:26] - ::1 - /admin
[2025-02-28 02:12:27] - ::1 - /admin
[2025-02-28 02:12:28] - ::1 - /admin
[2025-02-28 02:12:28] - ::1 - /admin
[2025-02-28 02:12:29] - ::1 - /admin
[2025-02-28 02:12:30] - ::1 - /admin
[2025-02-28 02:12:30] - ::1 - /admin
[2025-02-28 02:12:31] - ::1 - /admin
[2025-02-28 02:12:42] - ::1 - /admin
[2025-02-28 02:12:42] - ::1 - /admin
[2025-02-28 02:12:43] - ::1 - /admin
[2025-02-28 02:12:43] - ::1 - /admin
[2025-02-28 02:12:44] - ::1 - /admin
[2025-02-28 02:12:45] - ::1 - /admin
[2025-02-28 02:12:45] - ::1 - /admin
[2025-02-28 02:12:46] - ::1 - /admin
[2025-02-28 02:12:46] - ::1 - /admin
[2025-02-28 02:12:47] - ::1 - /admin
[2025-02-28 02:12:48] - ::1 - /admin
[2025-02-28 02:12:48] - ::1 - /admin
[2025-02-28 02:12:49] - ::1 - /admin
[2025-02-28 02:12:50] - ::1 - /admin
[2025-02-28 02:12:51] - ::1 - /admin
[2025-02-28 02:12:51] - ::1 - /admin
[2025-02-28 02:12:52] - ::1 - /admin
[2025-02-28 02:12:52] - ::1 - /admin
[2025-02-28 02:12:53] - ::1 - /admin
[2025-02-28 02:12:54] - ::1 - /admin
[2025-02-28 02:12:54] - ::1 - /admin
[2025-02-28 02:12:55] - ::1 - /admin
[2025-02-28 02:12:55] - ::1 - /admin
[2025-02-28 02:12:56] - ::1 - /admin
[2025-02-28 02:12:57] - ::1 - /admin
[2025-02-28 02:12:58] - ::1 - /admin
[2025-02-28 02:12:58] - ::1 - /admin
[2025-02-28 02:12:59] - ::1 - /admin
[2025-02-28 02:12:59] - ::1 - /admin
[2025-02-28 02:13:00] - ::1 - /admin
[2025-02-28 02:13:01] - ::1 - /admin
[2025-02-28 02:13:01] - ::1 - /admin
[2025-02-28 02:13:02] - ::1 - /admin
[2025-02-28 02:13:03] - ::1 - /admin
[2025-02-28 02:13:03] - ::1 - /admin
[2025-02-28 02:13:16] - ::1 - /admin
[2025-02-28 02:13:16] - ::1 - /admin
[2025-02-28 02:13:17] - ::1 - /admin
[2025-02-28 02:13:18] - ::1 - /admin
[2025-02-28 02:13:19] - ::1 - /admin
[2025-02-28 02:13:19] - ::1 - /admin
[2025-02-28 02:13:20] - ::1 - /admin
[2025-02-28 02:13:20] - ::1 - /admin
[2025-02-28 02:13:21] - ::1 - /admin
[2025-02-28 02:13:22] - ::1 - /admin
[2025-02-28 02:13:22] - ::1 - /admin
[2025-02-28 02:13:23] - ::1 - /admin
[2025-02-28 02:13:24] - ::1 - /admin
[2025-02-28 02:13:24] - ::1 - /admin
[2025-02-28 02:13:25] - ::1 - /admin
[2025-02-28 02:13:38] - ::1 - /admin
[2025-02-28 02:13:39] - ::1 - /admin
[2025-02-28 02:13:39] - ::1 - /admin
[2025-02-28 02:13:40] - ::1 - /admin
[2025-02-28 02:13:40] - ::1 - /admin
[2025-02-28 02:13:41] - ::1 - /admin
[2025-02-28 02:13:41] - ::1 - /admin
[2025-02-28 02:13:42] - ::1 - /admin
[2025-02-28 02:13:43] - ::1 - /admin
[2025-02-28 02:13:43] - ::1 - /admin
[2025-02-28 02:13:44] - ::1 - /admin
[2025-02-28 02:13:44] - ::1 - /admin
[2025-02-28 02:13:45] - ::1 - /admin
[2025-02-28 02:13:46] - ::1 - /admin
[2025-02-28 02:13:46] - ::1 - /admin
[2025-02-28 02:13:47] - ::1 - /admin
[2025-02-28 02:13:49] - ::1 - /admin
[2025-02-28 02:13:49] - ::1 - /admin
[2025-02-28 02:13:52] - ::1 - /admin
[2025-02-28 02:13:53] - ::1 - /admin
[2025-02-28 02:13:54] - ::1 - /admin
[2025-02-28 02:13:54] - ::1 - /admin
[2025-02-28 02:13:55] - ::1 - /admin
[2025-02-28 02:13:55] - ::1 - /admin
[2025-02-28 02:13:56] - ::1 - /admin
[2025-02-28 02:13:57] - ::1 - /admin
[2025-02-28 02:13:57] - ::1 - /admin
[2025-02-28 02:13:58] - ::1 - /admin
[2025-02-28 02:13:59] - ::1 - /admin
[2025-02-28 02:13:59] - ::1 - /admin
[2025-02-28 02:14:03] - ::1 - /admin
[2025-02-28 02:14:05] - ::1 - /admin
[2025-02-28 02:14:06] - ::1 - /admin
[2025-02-28 02:14:07] - ::1 - /admin
[2025-02-28 02:14:07] - ::1 - /admin
[2025-02-28 02:14:27] - ::1 - /admin
[2025-02-28 02:14:28] - ::1 - /admin
[2025-02-28 02:14:28] - ::1 - /admin
[2025-02-28 02:14:29] - ::1 - /admin
[2025-02-28 02:14:29] - ::1 - /admin
[2025-02-28 02:14:30] - ::1 - /admin
[2025-02-28 02:14:31] - ::1 - /admin
[2025-02-28 02:14:32] - ::1 - /admin
[2025-02-28 02:14:32] - ::1 - /admin
[2025-02-28 02:14:33] - ::1 - /admin
[2025-02-28 02:14:33] - ::1 - /admin
[2025-02-28 02:14:34] - ::1 - /admin
[2025-02-28 02:14:35] - ::1 - /admin
[2025-02-28 02:14:35] - ::1 - /admin
[2025-02-28 02:14:36] - ::1 - /admin
[2025-02-28 02:14:37] - ::1 - /admin
[2025-02-28 02:14:37] - ::1 - /admin
[2025-02-28 02:14:38] - ::1 - /admin
[2025-02-28 02:14:39] - ::1 - /admin
[2025-02-28 02:14:39] - ::1 - /admin
[2025-02-28 02:14:40] - ::1 - /admin
[2025-02-28 02:14:40] - ::1 - /admin
[2025-02-28 02:14:41] - ::1 - /admin
[2025-02-28 02:14:42] - ::1 - /admin
[2025-02-28 02:14:42] - ::1 - /admin
[2025-02-28 02:14:43] - ::1 - /admin
[2025-02-28 02:14:43] - ::1 - /admin
[2025-02-28 02:14:44] - ::1 - /admin
[2025-02-28 02:14:45] - ::1 - /admin
[2025-02-28 02:14:46] - ::1 - /admin
[2025-02-28 02:14:46] - ::1 - /admin
[2025-02-28 02:14:47] - ::1 - /admin
[2025-02-28 02:14:47] - ::1 - /admin
[2025-02-28 02:14:48] - ::1 - /admin
[2025-02-28 02:14:49] - ::1 - /admin
[2025-02-28 02:14:49] - ::1 - /admin
[2025-02-28 02:14:50] - ::1 - /admin
[2025-02-28 02:14:51] - ::1 - /admin
[2025-02-28 02:14:52] - ::1 - /admin
[2025-02-28 02:14:52] - ::1 - /admin
[2025-02-28 02:14:53] - ::1 - /admin
[2025-02-28 02:14:54] - ::1 - /admin
[2025-02-28 02:14:55] - ::1 - /admin
[2025-02-28 02:14:56] - ::1 - /admin
[2025-02-28 02:14:56] - ::1 - /admin
[2025-02-28 02:14:57] - ::1 - /admin
[2025-02-28 02:14:58] - ::1 - /admin
[2025-02-28 02:14:59] - ::1 - /admin
[2025-02-28 02:14:59] - ::1 - /admin
[2025-02-28 02:15:00] - ::1 - /admin
[2025-02-28 02:15:00] - ::1 - /admin
[2025-02-28 02:15:01] - ::1 - /admin
[2025-02-28 02:15:02] - ::1 - /admin
[2025-02-28 02:15:03] - ::1 - /admin
[2025-02-28 02:15:03] - ::1 - /admin
[2025-02-28 02:15:04] - ::1 - /admin
[2025-02-28 02:15:04] - ::1 - /admin
[2025-02-28 02:15:05] - ::1 - /admin
[2025-02-28 02:15:06] - ::1 - /admin
[2025-02-28 02:15:07] - ::1 - /admin
[2025-02-28 02:15:07] - ::1 - /admin
[2025-02-28 02:15:08] - ::1 - /admin
[2025-02-28 02:15:09] - ::1 - /admin
[2025-02-28 02:15:17] - ::1 - /admin
[2025-02-28 02:15:18] - ::1 - /admin
[2025-02-28 02:15:18] - ::1 - /admin
[2025-02-28 02:15:19] - ::1 - /admin
[2025-02-28 02:15:19] - ::1 - /admin
[2025-02-28 02:15:20] - ::1 - /admin
[2025-02-28 02:15:23] - ::1 - /admin
[2025-02-28 02:15:24] - ::1 - /admin
[2025-02-28 02:15:24] - ::1 - /admin
[2025-02-28 02:15:25] - ::1 - /admin
[2025-02-28 02:15:26] - ::1 - /admin
[2025-02-28 02:15:26] - ::1 - /admin
[2025-02-28 02:15:27] - ::1 - /admin
[2025-02-28 02:15:27] - ::1 - /admin
[2025-02-28 02:15:34] - ::1 - /admin
[2025-02-28 02:15:34] - ::1 - /admin
[2025-02-28 02:15:35] - ::1 - /admin
[2025-02-28 02:15:35] - ::1 - /admin
[2025-02-28 02:15:36] - ::1 - /admin
[2025-02-28 02:15:36] - ::1 - /admin
[2025-02-28 02:15:37] - ::1 - /admin
[2025-02-28 02:15:38] - ::1 - /admin
[2025-02-28 02:15:38] - ::1 - /admin
[2025-02-28 02:15:39] - ::1 - /admin
[2025-02-28 02:15:40] - ::1 - /admin
[2025-02-28 02:15:40] - ::1 - /admin
[2025-02-28 02:15:41] - ::1 - /admin
[2025-02-28 02:15:41] - ::1 - /admin
[2025-02-28 02:15:56] - ::1 - /admin
[2025-02-28 02:15:57] - ::1 - /admin
[2025-02-28 02:15:57] - ::1 - /admin
[2025-02-28 02:15:58] - ::1 - /admin
[2025-02-28 02:15:59] - ::1 - /admin
[2025-02-28 02:15:59] - ::1 - /admin
[2025-02-28 02:16:00] - ::1 - /admin
[2025-02-28 02:16:00] - ::1 - /admin
[2025-02-28 02:16:01] - ::1 - /admin
[2025-02-28 02:16:02] - ::1 - /admin
[2025-02-28 02:16:03] - ::1 - /admin
[2025-02-28 02:16:04] - ::1 - /admin
[2025-02-28 02:16:04] - ::1 - /admin
[2025-02-28 02:16:05] - ::1 - /admin
[2025-02-28 02:16:06] - ::1 - /admin
[2025-02-28 02:16:06] - ::1 - /admin
[2025-02-28 02:16:07] - ::1 - /admin
[2025-02-28 02:16:08] - ::1 - /admin
[2025-02-28 02:16:08] - ::1 - /admin
[2025-02-28 02:16:09] - ::1 - /admin
[2025-02-28 02:16:10] - ::1 - /admin
[2025-02-28 02:16:10] - ::1 - /admin
[2025-02-28 02:16:11] - ::1 - /admin
[2025-02-28 02:16:12] - ::1 - /admin
[2025-02-28 02:16:13] - ::1 - /admin
[2025-02-28 02:16:49] - ::1 - /admin
[2025-02-28 02:16:50] - ::1 - /admin
[2025-02-28 02:16:51] - ::1 - /admin
[2025-02-28 02:16:51] - ::1 - /admin
[2025-02-28 02:16:52] - ::1 - /admin
[2025-02-28 02:16:53] - ::1 - /admin
[2025-02-28 02:16:53] - ::1 - /admin
[2025-02-28 02:16:54] - ::1 - /admin
[2025-02-28 02:16:55] - ::1 - /admin
[2025-02-28 02:16:55] - ::1 - /admin
[2025-02-28 02:16:56] - ::1 - /admin
[2025-02-28 02:17:00] - ::1 - /admin
[2025-02-28 02:17:00] - ::1 - /admin
[2025-02-28 02:17:01] - ::1 - /admin
[2025-02-28 02:17:02] - ::1 - /admin
[2025-02-28 02:17:03] - ::1 - /admin
[2025-02-28 02:17:03] - ::1 - /admin
[2025-02-28 02:17:04] - ::1 - /admin
[2025-02-28 02:17:06] - ::1 - /admin
[2025-02-28 02:17:06] - ::1 - /admin
[2025-02-28 02:17:07] - ::1 - /admin
[2025-02-28 02:17:08] - ::1 - /admin
[2025-02-28 02:17:11] - ::1 - /admin
[2025-02-28 02:17:11] - ::1 - /admin
[2025-02-28 02:17:12] - ::1 - /admin
[2025-02-28 02:17:48] - ::1 - /admin
[2025-02-28 02:18:10] - ::1 - /admin
[2025-02-28 02:18:11] - ::1 - /admin
[2025-02-28 02:18:12] - ::1 - /admin
[2025-02-28 02:18:27] - ::1 - /admin
[2025-02-28 02:18:32] - ::1 - /admin
[2025-02-28 02:18:33] - ::1 - /admin
[2025-02-28 02:18:34] - ::1 - /admin
[2025-02-28 02:18:34] - ::1 - /admin
[2025-02-28 02:18:35] - ::1 - /admin
[2025-02-28 02:18:36] - ::1 - /admin
[2025-02-28 02:18:37] - ::1 - /admin
[2025-02-28 02:18:38] - ::1 - /admin
[2025-02-28 02:18:39] - ::1 - /admin
[2025-02-28 02:18:39] - ::1 - /admin
[2025-02-28 02:18:42] - ::1 - /admin
[2025-02-28 02:18:42] - ::1 - /admin
[2025-02-28 02:18:44] - ::1 - /admin
[2025-02-28 02:18:52] - ::1 - /admin
[2025-02-28 02:19:00] - ::1 - /admin
[2025-02-28 02:19:11] - ::1 - /admin
[2025-02-28 02:19:12] - ::1 - /admin
[2025-02-28 02:19:12] - ::1 - /admin
[2025-02-28 02:19:13] - ::1 - /admin
[2025-02-28 02:19:14] - ::1 - /admin
[2025-02-28 02:19:14] - ::1 - /admin
[2025-02-28 02:19:15] - ::1 - /admin
[2025-02-28 02:19:37] - ::1 - /admin
[2025-02-28 02:19:38] - ::1 - /admin
[2025-02-28 02:19:56] - ::1 - /admin
[2025-02-28 02:19:57] - ::1 - /admin
[2025-02-28 02:20:04] - ::1 - /admin
[2025-02-28 02:20:05] - ::1 - /admin
[2025-02-28 02:20:05] - ::1 - /admin
[2025-02-28 02:20:07] - ::1 - /admin
[2025-02-28 02:20:07] - ::1 - /admin
[2025-02-28 02:20:08] - ::1 - /admin
[2025-02-28 02:20:09] - ::1 - /admin
[2025-02-28 02:20:09] - ::1 - /admin
[2025-02-28 02:20:10] - ::1 - /admin
[2025-02-28 02:20:11] - ::1 - /admin
[2025-02-28 02:20:26] - ::1 - /admin
[2025-02-28 02:20:26] - ::1 - /admin
[2025-02-28 02:20:27] - ::1 - /admin
[2025-02-28 02:20:28] - ::1 - /admin
[2025-02-28 02:20:28] - ::1 - /admin
[2025-02-28 02:20:29] - ::1 - /admin
[2025-02-28 02:20:30] - ::1 - /admin
[2025-02-28 02:20:30] - ::1 - /admin
[2025-02-28 02:20:31] - ::1 - /admin
[2025-02-28 02:20:32] - ::1 - /admin
[2025-02-28 02:20:32] - ::1 - /admin
[2025-02-28 02:20:33] - ::1 - /admin
[2025-02-28 02:20:34] - ::1 - /admin
[2025-02-28 02:20:34] - ::1 - /admin
[2025-02-28 02:20:35] - ::1 - /admin
[2025-02-28 02:20:36] - ::1 - /admin
[2025-02-28 02:20:36] - ::1 - /admin
[2025-02-28 02:20:37] - ::1 - /admin
[2025-02-28 02:20:38] - ::1 - /admin
[2025-02-28 02:20:39] - ::1 - /admin
[2025-02-28 02:20:39] - ::1 - /admin
[2025-02-28 02:20:40] - ::1 - /admin
[2025-02-28 02:20:41] - ::1 - /admin
[2025-02-28 02:20:49] - ::1 - /admin
[2025-02-28 02:20:50] - ::1 - /admin
[2025-02-28 02:20:51] - ::1 - /admin
[2025-02-28 02:20:51] - ::1 - /admin
[2025-02-28 02:20:59] - ::1 - /admin
[2025-02-28 02:21:02] - ::1 - /admin
[2025-02-28 02:21:06] - ::1 - /admin
[2025-02-28 02:21:07] - ::1 - /admin
[2025-02-28 02:21:07] - ::1 - /admin
[2025-02-28 02:21:08] - ::1 - /admin
[2025-02-28 02:21:09] - ::1 - /admin
[2025-02-28 02:21:10] - ::1 - /admin
[2025-02-28 02:21:46] - ::1 - /admin
[2025-02-28 02:23:28] - ::1 - /admin
[2025-02-28 02:23:35] - ::1 - /admin
[2025-02-28 02:23:36] - ::1 - /admin
[2025-02-28 02:23:37] - ::1 - /admin
[2025-02-28 02:23:37] - ::1 - /admin
[2025-02-28 02:23:37] - ::1 - /admin
[2025-02-28 02:23:38] - ::1 - /admin
[2025-02-28 02:23:39] - ::1 - /admin
[2025-02-28 02:23:39] - ::1 - /admin
[2025-02-28 02:23:40] - ::1 - /admin
[2025-02-28 02:23:45] - ::1 - /admin
[2025-02-28 02:23:46] - ::1 - /admin
[2025-02-28 02:23:46] - ::1 - /admin
[2025-02-28 02:23:47] - ::1 - /admin
[2025-02-28 02:23:48] - ::1 - /admin
[2025-02-28 02:23:48] - ::1 - /admin
[2025-02-28 02:23:49] - ::1 - /admin
[2025-02-28 02:23:50] - ::1 - /admin
[2025-02-28 02:23:50] - ::1 - /admin
[2025-02-28 02:23:51] - ::1 - /admin
[2025-02-28 02:23:52] - ::1 - /admin
[2025-02-28 02:23:58] - ::1 - /admin
[2025-02-28 02:23:58] - ::1 - /admin
[2025-02-28 02:23:59] - ::1 - /admin
[2025-02-28 02:24:00] - ::1 - /admin
[2025-02-28 02:24:00] - ::1 - /admin
[2025-02-28 02:24:01] - ::1 - /admin
[2025-02-28 02:24:02] - ::1 - /admin
[2025-02-28 02:24:04] - ::1 - /admin
[2025-02-28 02:24:05] - ::1 - /admin
[2025-02-28 02:24:05] - ::1 - /admin
[2025-02-28 02:24:06] - ::1 - /admin
[2025-02-28 02:24:06] - ::1 - /admin
[2025-02-28 02:24:07] - ::1 - /admin
[2025-02-28 02:24:07] - ::1 - /admin
[2025-02-28 02:24:08] - ::1 - /admin
[2025-02-28 02:24:09] - ::1 - /admin
[2025-02-28 02:24:10] - ::1 - /admin
[2025-02-28 02:24:10] - ::1 - /admin
[2025-02-28 02:24:11] - ::1 - /admin
[2025-02-28 02:24:12] - ::1 - /admin
[2025-02-28 02:24:12] - ::1 - /admin
[2025-02-28 02:24:12] - ::1 - /admin
[2025-02-28 02:24:12] - ::1 - /admin
[2025-02-28 02:24:13] - ::1 - /admin
[2025-02-28 02:24:22] - ::1 - /admin
[2025-02-28 02:24:23] - ::1 - /admin
[2025-02-28 02:24:23] - ::1 - /admin
[2025-02-28 02:24:24] - ::1 - /admin
[2025-02-28 02:24:27] - ::1 - /admin
[2025-02-28 02:24:40] - ::1 - /admin
[2025-02-28 02:24:41] - ::1 - /admin
[2025-02-28 02:24:41] - ::1 - /admin
[2025-02-28 02:24:42] - ::1 - /admin
[2025-02-28 02:24:43] - ::1 - /admin
[2025-02-28 02:24:43] - ::1 - /admin
[2025-02-28 02:24:44] - ::1 - /admin
[2025-02-28 02:24:56] - 127.0.0.1 - /admin
[2025-02-28 02:24:57] - ::1 - /admin
[2025-02-28 02:24:59] - ::1 - /admin
[2025-02-28 02:24:59] - ::1 - /admin
[2025-02-28 02:25:00] - ::1 - /admin
[2025-02-28 02:25:06] - ::1 - /admin
[2025-02-28 02:25:14] - ::1 - /admin
[2025-02-28 02:25:15] - ::1 - /admin
[2025-02-28 02:25:15] - ::1 - /admin
[2025-02-28 02:25:16] - ::1 - /admin
[2025-02-28 02:25:17] - ::1 - /admin
[2025-02-28 02:25:18] - ::1 - /admin
[2025-02-28 02:25:18] - ::1 - /admin
[2025-02-28 02:25:19] - ::1 - /admin
[2025-02-28 02:25:20] - ::1 - /admin
[2025-02-28 02:25:24] - ::1 - /admin
[2025-02-28 02:25:25] - ::1 - /admin
[2025-02-28 02:25:25] - ::1 - /admin
[2025-02-28 02:25:26] - ::1 - /admin
[2025-02-28 02:25:27] - ::1 - /admin
[2025-02-28 02:25:28] - ::1 - /admin
[2025-02-28 02:25:28] - ::1 - /admin
[2025-02-28 02:25:29] - ::1 - /admin
[2025-02-28 02:25:30] - ::1 - /admin
[2025-02-28 02:25:30] - ::1 - /admin
[2025-02-28 02:25:31] - ::1 - /admin
[2025-02-28 02:25:32] - ::1 - /admin
[2025-02-28 02:25:33] - ::1 - /admin
[2025-02-28 02:25:33] - ::1 - /admin
[2025-02-28 02:25:34] - ::1 - /admin
[2025-02-28 02:25:35] - ::1 - /admin
[2025-02-28 02:25:36] - ::1 - /admin
[2025-02-28 02:25:36] - ::1 - /admin
[2025-02-28 02:25:37] - ::1 - /admin
[2025-02-28 02:25:38] - ::1 - /admin
[2025-02-28 02:25:40] - ::1 - /admin
[2025-02-28 02:25:40] - ::1 - /admin
[2025-02-28 02:25:41] - ::1 - /admin
[2025-02-28 02:25:42] - ::1 - /admin
[2025-02-28 02:25:42] - ::1 - /admin
[2025-02-28 02:25:43] - ::1 - /admin
[2025-02-28 02:25:44] - ::1 - /admin
[2025-02-28 02:25:46] - ::1 - /admin
[2025-02-28 02:25:52] - ::1 - /admin
[2025-02-28 02:26:07] - ::1 - /admin
[2025-02-28 02:26:21] - ::1 - /admin
[2025-02-28 02:26:29] - ::1 - /admin
[2025-02-28 02:26:29] - ::1 - /admin
[2025-02-28 02:26:30] - ::1 - /admin
[2025-02-28 02:26:31] - ::1 - /admin
[2025-02-28 02:26:32] - ::1 - /admin
[2025-02-28 02:26:33] - ::1 - /admin
[2025-02-28 02:26:34] - ::1 - /admin
[2025-02-28 02:26:35] - ::1 - /admin
[2025-02-28 02:26:37] - ::1 - /admin
[2025-02-28 02:26:41] - ::1 - /admin
[2025-02-28 02:26:41] - ::1 - /admin
[2025-02-28 02:26:42] - ::1 - /admin
[2025-02-28 02:26:42] - ::1 - /admin
[2025-02-28 02:26:42] - ::1 - /admin
[2025-02-28 02:26:45] - ::1 - /admin
[2025-02-28 02:26:45] - ::1 - /admin
[2025-02-28 02:26:46] - ::1 - /admin
[2025-02-28 02:26:47] - ::1 - /admin
[2025-02-28 02:26:47] - ::1 - /admin
[2025-02-28 02:26:48] - ::1 - /admin
[2025-02-28 02:26:49] - ::1 - /admin
[2025-02-28 02:26:50] - ::1 - /admin
[2025-02-28 02:26:52] - ::1 - /admin
[2025-02-28 02:26:53] - ::1 - /admin
[2025-02-28 02:26:55] - ::1 - /admin
[2025-02-28 02:27:06] - ::1 - /admin
[2025-02-28 02:27:16] - ::1 - /admin
[2025-02-28 02:27:16] - ::1 - /admin
[2025-02-28 02:27:17] - ::1 - /admin
[2025-02-28 02:27:19] - ::1 - /admin
[2025-02-28 02:27:20] - ::1 - /admin
[2025-02-28 02:28:31] - ::1 - /admin
[2025-02-28 02:30:28] - ::1 - /admin
[2025-02-28 02:30:39] - ::1 - /admin
[2025-02-28 02:32:10] - ::1 - /admin
[2025-02-28 02:32:23] - ::1 - /admin
[2025-02-28 02:32:31] - ::1 - /admin
[2025-02-28 02:32:31] - ::1 - /admin
[2025-02-28 02:32:32] - ::1 - /admin
[2025-02-28 02:32:33] - ::1 - /admin
[2025-02-28 02:32:33] - ::1 - /admin
[2025-02-28 02:32:34] - ::1 - /admin
[2025-02-28 02:32:35] - ::1 - /admin
[2025-02-28 02:32:39] - ::1 - /admin
[2025-02-28 02:32:52] - ::1 - /admin
[2025-02-28 02:32:52] - ::1 - /admin
[2025-02-28 02:32:53] - ::1 - /admin
[2025-02-28 02:32:55] - ::1 - /admin
[2025-02-28 02:32:55] - ::1 - /admin
[2025-02-28 02:32:56] - ::1 - /admin
[2025-02-28 02:32:57] - ::1 - /admin
[2025-02-28 02:32:57] - ::1 - /admin
[2025-02-28 02:32:58] - ::1 - /admin
[2025-02-28 02:33:15] - ::1 - /admin
[2025-02-28 02:33:20] - ::1 - /admin
[2025-02-28 02:33:21] - ::1 - /admin
[2025-02-28 02:34:08] - ::1 - /admin
[2025-02-28 02:34:23] - ::1 - /admin
[2025-02-28 02:34:29] - ::1 - /admin
[2025-02-28 02:34:30] - ::1 - /admin
[2025-02-28 02:34:30] - ::1 - /admin
[2025-02-28 02:34:37] - ::1 - /admin
[2025-02-28 02:34:37] - ::1 - /admin
[2025-02-28 02:34:38] - ::1 - /admin
[2025-02-28 02:34:39] - ::1 - /admin
[2025-02-28 02:34:39] - ::1 - /admin
[2025-02-28 02:34:40] - ::1 - /admin
[2025-02-28 02:34:41] - ::1 - /admin
[2025-02-28 02:34:42] - ::1 - /admin
[2025-02-28 02:34:47] - ::1 - /admin
[2025-02-28 02:34:48] - ::1 - /admin
[2025-02-28 02:34:49] - ::1 - /admin
[2025-02-28 02:34:49] - ::1 - /admin
[2025-02-28 02:34:50] - ::1 - /admin
[2025-02-28 02:34:51] - ::1 - /admin
[2025-02-28 02:34:55] - ::1 - /admin
[2025-02-28 02:34:56] - ::1 - /admin
[2025-02-28 02:34:56] - ::1 - /admin
[2025-02-28 02:34:57] - ::1 - /admin
[2025-02-28 02:34:58] - ::1 - /admin
[2025-02-28 02:35:00] - ::1 - /admin
[2025-02-28 02:35:01] - ::1 - /admin
[2025-02-28 02:35:02] - ::1 - /admin
[2025-02-28 02:35:02] - ::1 - /admin
[2025-02-28 02:35:18] - ::1 - /admin
[2025-02-28 02:35:19] - ::1 - /admin
[2025-02-28 02:35:37] - ::1 - /admin
[2025-02-28 02:35:38] - ::1 - /admin
[2025-02-28 02:36:11] - ::1 - /admin
[2025-02-28 02:36:11] - ::1 - /admin
[2025-02-28 02:36:12] - ::1 - /admin
[2025-02-28 02:36:13] - ::1 - /admin
[2025-02-28 02:36:16] - ::1 - /admin
[2025-02-28 02:36:24] - ::1 - /admin
[2025-02-28 02:36:48] - ::1 - /admin
[2025-02-28 02:36:48] - ::1 - /admin
[2025-02-28 02:36:49] - ::1 - /admin
[2025-02-28 02:36:50] - ::1 - /admin
[2025-02-28 02:36:50] - ::1 - /admin
[2025-02-28 02:36:51] - ::1 - /admin
[2025-02-28 02:37:51] - ::1 - /admin
[2025-02-28 02:38:25] - ::1 - /admin
[2025-02-28 02:38:26] - ::1 - /admin
[2025-02-28 02:38:26] - ::1 - /admin
[2025-02-28 02:38:27] - ::1 - /admin
[2025-02-28 02:38:28] - ::1 - /admin
[2025-02-28 02:38:29] - ::1 - /admin
[2025-02-28 02:38:35] - ::1 - /admin
[2025-02-28 02:38:36] - ::1 - /admin
[2025-02-28 02:38:36] - ::1 - /admin
[2025-02-28 02:38:37] - ::1 - /admin
[2025-02-28 02:38:37] - ::1 - /admin
[2025-02-28 02:38:38] - ::1 - /admin
[2025-02-28 02:38:39] - ::1 - /admin
[2025-02-28 02:38:54] - ::1 - /admin
[2025-02-28 02:38:55] - ::1 - /admin
[2025-02-28 02:39:08] - ::1 - /admin
[2025-02-28 02:39:09] - ::1 - /admin
[2025-02-28 02:39:10] - ::1 - /admin
[2025-02-28 02:39:10] - ::1 - /admin
[2025-02-28 02:39:11] - ::1 - /admin
[2025-02-28 02:39:12] - ::1 - /admin
[2025-02-28 02:39:13] - ::1 - /admin
[2025-02-28 02:39:13] - ::1 - /admin
[2025-02-28 02:39:14] - ::1 - /admin
[2025-02-28 02:39:15] - ::1 - /admin
[2025-02-28 02:39:15] - ::1 - /admin
[2025-02-28 02:39:17] - ::1 - /admin
[2025-02-28 02:39:18] - ::1 - /admin
[2025-02-28 02:39:20] - ::1 - /admin
[2025-02-28 02:39:21] - ::1 - /admin
[2025-02-28 02:39:21] - ::1 - /admin
[2025-02-28 02:39:22] - ::1 - /admin
[2025-02-28 02:39:23] - ::1 - /admin
[2025-02-28 02:39:23] - ::1 - /admin
[2025-02-28 02:39:26] - ::1 - /admin
[2025-02-28 02:39:27] - ::1 - /admin
[2025-02-28 02:39:27] - ::1 - /admin
[2025-02-28 02:39:28] - ::1 - /admin
[2025-02-28 02:39:29] - ::1 - /admin
[2025-02-28 02:39:31] - ::1 - /admin
[2025-02-28 02:39:31] - ::1 - /admin
[2025-02-28 02:39:32] - ::1 - /admin
[2025-02-28 02:39:33] - ::1 - /admin
[2025-02-28 02:39:34] - ::1 - /admin
[2025-02-28 02:39:35] - ::1 - /admin
[2025-02-28 02:39:36] - ::1 - /admin
[2025-02-28 02:39:36] - ::1 - /admin
[2025-02-28 02:39:37] - ::1 - /admin
[2025-02-28 02:39:38] - ::1 - /admin
[2025-02-28 02:39:39] - ::1 - /admin
[2025-02-28 02:39:40] - ::1 - /admin
[2025-02-28 02:39:40] - ::1 - /admin
[2025-02-28 02:39:43] - ::1 - /admin
[2025-02-28 02:39:44] - ::1 - /admin
[2025-02-28 02:39:45] - ::1 - /admin
[2025-02-28 02:39:45] - ::1 - /admin
[2025-02-28 02:39:46] - ::1 - /admin
[2025-02-28 02:39:46] - ::1 - /admin
[2025-02-28 02:39:47] - ::1 - /admin
[2025-02-28 02:39:50] - ::1 - /admin
[2025-02-28 02:39:53] - ::1 - /admin
[2025-02-28 02:39:54] - ::1 - /admin
[2025-02-28 02:40:06] - ::1 - /admin
[2025-02-28 02:40:06] - ::1 - /admin
[2025-02-28 02:40:07] - ::1 - /admin
[2025-02-28 02:40:08] - ::1 - /admin
[2025-02-28 02:40:08] - ::1 - /admin
[2025-02-28 02:40:14] - ::1 - /admin
[2025-02-28 02:40:15] - ::1 - /admin
[2025-02-28 02:40:15] - ::1 - /admin
[2025-02-28 02:40:24] - ::1 - /admin
[2025-02-28 02:40:24] - ::1 - /admin
[2025-02-28 02:40:25] - ::1 - /admin
[2025-02-28 02:40:26] - ::1 - /admin
[2025-02-28 02:40:26] - ::1 - /admin
[2025-02-28 02:40:27] - ::1 - /admin
[2025-02-28 02:40:28] - ::1 - /admin
[2025-02-28 02:40:28] - ::1 - /admin
[2025-02-28 02:40:29] - ::1 - /admin
[2025-02-28 02:40:30] - ::1 - /admin
[2025-02-28 02:40:31] - ::1 - /admin
[2025-02-28 02:40:31] - ::1 - /admin
[2025-02-28 02:40:44] - ::1 - /admin
[2025-02-28 02:41:12] - ::1 - /admin
[2025-02-28 02:41:13] - ::1 - /admin
[2025-02-28 02:41:14] - ::1 - /admin
[2025-02-28 02:41:14] - ::1 - /admin
[2025-02-28 02:41:15] - ::1 - /admin
[2025-02-28 02:41:18] - ::1 - /admin
[2025-02-28 02:41:18] - ::1 - /admin
[2025-02-28 02:41:19] - ::1 - /admin
[2025-02-28 02:41:20] - ::1 - /admin
[2025-02-28 02:41:21] - ::1 - /admin
[2025-02-28 02:41:22] - ::1 - /admin
[2025-02-28 02:41:23] - ::1 - /admin
[2025-02-28 02:41:24] - ::1 - /admin
[2025-02-28 02:41:26] - ::1 - /admin
[2025-02-28 02:41:27] - ::1 - /admin
[2025-02-28 02:41:28] - ::1 - /admin
[2025-02-28 02:41:28] - ::1 - /admin
[2025-02-28 02:41:29] - ::1 - /admin
[2025-02-28 02:41:30] - ::1 - /admin
[2025-02-28 02:41:30] - ::1 - /admin
[2025-02-28 02:41:31] - ::1 - /admin
[2025-02-28 02:41:32] - ::1 - /admin
[2025-02-28 02:41:32] - ::1 - /admin
[2025-02-28 02:41:33] - ::1 - /admin
[2025-02-28 02:41:34] - ::1 - /admin
[2025-02-28 02:41:34] - ::1 - /admin
[2025-02-28 02:41:54] - ::1 - /admin
[2025-02-28 02:41:54] - ::1 - /admin
[2025-02-28 02:41:55] - ::1 - /admin
[2025-02-28 02:41:56] - ::1 - /admin
[2025-02-28 02:41:56] - ::1 - /admin
[2025-02-28 02:41:57] - ::1 - /admin
[2025-02-28 02:41:57] - ::1 - /admin
[2025-02-28 02:41:58] - ::1 - /admin
[2025-02-28 02:41:59] - ::1 - /admin
[2025-02-28 02:42:00] - ::1 - /admin
[2025-02-28 02:42:08] - ::1 - /admin
[2025-02-28 02:42:09] - ::1 - /admin
[2025-02-28 02:42:09] - ::1 - /admin
[2025-02-28 02:42:10] - ::1 - /admin
[2025-02-28 02:42:11] - ::1 - /admin
[2025-02-28 02:42:11] - ::1 - /admin
[2025-02-28 02:42:24] - ::1 - /admin
[2025-02-28 02:42:27] - ::1 - /admin
[2025-02-28 02:42:28] - ::1 - /admin
[2025-02-28 02:42:29] - 127.0.0.1 - /admin
[2025-02-28 02:42:51] - ::1 - /admin
[2025-02-28 02:42:51] - ::1 - /admin
[2025-02-28 02:42:52] - ::1 - /admin
[2025-02-28 02:42:53] - ::1 - /admin
[2025-02-28 02:42:53] - ::1 - /admin
[2025-02-28 02:42:54] - ::1 - /admin
[2025-02-28 02:42:55] - ::1 - /admin
[2025-02-28 02:42:55] - ::1 - /admin
[2025-02-28 02:42:56] - ::1 - /admin
[2025-02-28 02:42:59] - ::1 - /admin
[2025-02-28 02:43:00] - ::1 - /admin
[2025-02-28 02:43:00] - ::1 - /admin
[2025-02-28 02:43:06] - ::1 - /admin
[2025-02-28 02:43:07] - ::1 - /admin
[2025-02-28 02:43:08] - ::1 - /admin
[2025-02-28 02:43:09] - ::1 - /admin
[2025-02-28 02:43:09] - ::1 - /admin
[2025-02-28 02:43:20] - ::1 - /admin
[2025-02-28 02:43:28] - ::1 - /admin
[2025-02-28 02:43:29] - ::1 - /admin
[2025-02-28 02:43:30] - ::1 - /admin
[2025-02-28 02:43:31] - ::1 - /admin
[2025-02-28 02:43:32] - ::1 - /admin
[2025-02-28 02:43:32] - ::1 - /admin
[2025-02-28 02:43:33] - ::1 - /admin
[2025-02-28 02:43:56] - ::1 - /admin
[2025-02-28 02:43:57] - ::1 - /admin
[2025-02-28 02:43:57] - ::1 - /admin
[2025-02-28 02:43:58] - ::1 - /admin
[2025-02-28 02:43:59] - ::1 - /admin
[2025-02-28 02:43:59] - ::1 - /admin
[2025-02-28 02:44:04] - ::1 - /admin
[2025-02-28 02:44:05] - ::1 - /admin
[2025-02-28 02:44:05] - ::1 - /admin
[2025-02-28 02:44:06] - ::1 - /admin
[2025-02-28 02:44:07] - ::1 - /admin
[2025-02-28 02:44:07] - ::1 - /admin
[2025-02-28 02:44:13] - ::1 - /admin
[2025-02-28 02:44:14] - ::1 - /admin
[2025-02-28 02:44:14] - ::1 - /admin
[2025-02-28 02:44:15] - ::1 - /admin
[2025-02-28 02:44:20] - ::1 - /admin
[2025-02-28 02:44:21] - ::1 - /admin
[2025-02-28 02:44:25] - ::1 - /admin
[2025-02-28 02:44:26] - ::1 - /admin
[2025-02-28 02:44:30] - ::1 - /admin
[2025-02-28 02:44:31] - ::1 - /admin
[2025-02-28 02:44:32] - ::1 - /admin
[2025-02-28 02:44:32] - ::1 - /admin
[2025-02-28 02:44:34] - ::1 - /admin
[2025-02-28 02:44:35] - ::1 - /admin
[2025-02-28 02:44:35] - ::1 - /admin
[2025-02-28 02:44:36] - ::1 - /admin
[2025-02-28 02:44:37] - ::1 - /admin
[2025-02-28 02:44:37] - ::1 - /admin
[2025-02-28 02:44:38] - ::1 - /admin
[2025-02-28 02:44:38] - ::1 - /admin
[2025-02-28 02:44:39] - ::1 - /admin
[2025-02-28 02:44:40] - ::1 - /admin
[2025-02-28 02:44:40] - ::1 - /admin
[2025-02-28 02:44:41] - ::1 - /admin
[2025-02-28 02:44:42] - ::1 - /admin
[2025-02-28 02:44:50] - ::1 - /admin
[2025-02-28 02:44:51] - ::1 - /admin
[2025-02-28 02:44:52] - ::1 - /admin
[2025-02-28 02:44:53] - ::1 - /admin
[2025-02-28 02:44:53] - ::1 - /admin
[2025-02-28 02:44:54] - ::1 - /admin
[2025-02-28 02:45:31] - ::1 - /admin
[2025-02-28 02:45:31] - ::1 - /admin
[2025-02-28 02:45:32] - ::1 - /admin
[2025-02-28 02:45:32] - ::1 - /admin
[2025-02-28 02:45:34] - ::1 - /admin
[2025-02-28 02:46:24] - ::1 - /admin
[2025-02-28 02:46:33] - ::1 - /admin
[2025-02-28 02:46:34] - ::1 - /admin
[2025-02-28 02:46:35] - ::1 - /admin
[2025-02-28 02:46:36] - ::1 - /admin
[2025-02-28 02:46:40] - ::1 - /admin
[2025-02-28 02:46:40] - ::1 - /admin
[2025-02-28 02:46:41] - ::1 - /admin
[2025-02-28 02:46:42] - ::1 - /admin
[2025-02-28 02:46:48] - ::1 - /admin
[2025-02-28 02:46:49] - ::1 - /admin
[2025-02-28 02:46:49] - ::1 - /admin
[2025-02-28 02:47:02] - ::1 - /admin
[2025-02-28 02:47:05] - ::1 - /admin
[2025-02-28 02:47:06] - ::1 - /admin
[2025-02-28 02:47:06] - ::1 - /admin
[2025-02-28 02:47:07] - ::1 - /admin
[2025-02-28 02:47:08] - ::1 - /admin
[2025-02-28 02:47:08] - ::1 - /admin
[2025-02-28 02:47:13] - ::1 - /admin
[2025-02-28 02:47:13] - ::1 - /admin
[2025-02-28 02:47:14] - ::1 - /admin
[2025-02-28 02:47:18] - ::1 - /admin
[2025-02-28 02:47:19] - ::1 - /admin
[2025-02-28 02:47:19] - ::1 - /admin
[2025-02-28 02:47:20] - ::1 - /admin
[2025-02-28 02:47:21] - ::1 - /admin
[2025-02-28 02:47:28] - ::1 - /admin
[2025-02-28 02:47:35] - ::1 - /admin
[2025-02-28 02:47:36] - ::1 - /admin
[2025-02-28 03:21:16] - ::1 - /admin
[2025-02-28 03:21:47] - ::1 - /admin
[2025-02-28 03:21:59] - ::1 - /admin
[2025-02-28 03:22:00] - ::1 - /admin
[2025-02-28 03:22:01] - ::1 - /admin
[2025-02-28 03:22:37] - ::1 - /admin
[2025-02-28 03:22:42] - ::1 - /admin
[2025-02-28 03:23:36] - ::1 - /admin
[2025-02-28 03:23:42] - ::1 - /admin
[2025-02-28 03:23:52] - ::1 - /admin
[2025-02-28 03:24:08] - ::1 - /admin
[2025-03-02 19:35:05] - ::1 - /admin
[2025-03-02 19:35:06] - ::1 - /admin
[2025-03-02 21:21:43] - ::1 - /admin
[2025-03-02 21:21:45] - ::1 - /admin
[2025-03-02 21:23:50] - ::1 - /admin
[2025-03-02 22:00:10] - ::1 - /admin
[2025-03-02 22:00:11] - ::1 - /admin
[2025-03-02 22:00:11] - ::1 - /admin
[2025-03-02 22:07:07] - ::1 - /admin
[2025-03-02 23:20:12] - ::1 - /admin
[2025-03-02 23:20:16] - ::1 - /admin
[2025-03-02 23:20:16] - ::1 - /admin
[2025-03-02 23:20:17] - ::1 - /admin
[2025-03-02 23:20:17] - ::1 - /admin
[2025-03-02 23:20:18] - ::1 - /admin
[2025-03-02 23:20:18] - ::1 - /admin
[2025-03-02 23:20:18] - ::1 - /admin
[2025-03-02 23:20:18] - ::1 - /admin
[2025-03-02 23:20:19] - ::1 - /admin
[2025-03-02 23:20:19] - ::1 - /admin
[2025-03-02 23:20:19] - ::1 - /admin
[2025-03-02 23:20:19] - ::1 - /admin
[2025-03-02 23:20:20] - ::1 - /admin
[2025-03-03 16:53:26] - ::1 - /admin
[2025-03-03 17:01:49] - ::1 - /admin
[2025-03-03 17:02:04] - ::1 - /admin
[2025-03-03 17:02:05] - ::1 - /admin
[2025-03-03 17:02:31] - ::1 - /admin
[2025-03-03 17:02:51] - ::1 - /admin
[2025-03-03 17:03:07] - ::1 - /admin
[2025-03-03 17:09:43] - ::1 - /admin
[2025-03-03 17:10:21] - ::1 - /admin
[2025-03-03 17:51:32] - ::1 - /admin
[2025-03-03 17:51:35] - ::1 - /admin
[2025-03-03 17:51:35] - ::1 - /admin
[2025-03-03 17:51:36] - ::1 - /admin
[2025-03-03 17:51:43] - ::1 - /admin
[2025-03-03 17:52:00] - ::1 - /admin
[2025-03-03 17:52:13] - ::1 - /admin
[2025-03-03 18:30:43] - ::1 - /admin
[2025-03-03 18:31:19] - ::1 - /admin
[2025-03-03 18:31:21] - ::1 - /admin
[2025-03-03 18:31:23] - ::1 - /admin
[2025-03-03 18:31:25] - ::1 - /admin
[2025-03-03 18:31:26] - ::1 - /admin
[2025-03-03 18:31:44] - ::1 - /admin
[2025-03-03 18:31:46] - ::1 - /admin
[2025-03-03 18:32:11] - ::1 - /admin
[2025-03-03 18:32:12] - ::1 - /admin
[2025-03-03 18:32:14] - ::1 - /admin
[2025-03-03 18:34:22] - ::1 - /admin
[2025-03-03 18:34:24] - ::1 - /admin
[2025-03-03 18:34:27] - ::1 - /admin
[2025-03-03 18:34:27] - ::1 - /admin
[2025-03-03 18:36:56] - ::1 - /admin
[2025-03-03 18:36:59] - ::1 - /admin
[2025-03-03 18:37:00] - ::1 - /admin
[2025-03-03 18:38:20] - ::1 - /admin
[2025-03-03 18:38:22] - ::1 - /admin
[2025-03-03 18:41:46] - ::1 - /admin
[2025-03-03 18:41:48] - ::1 - /admin
[2025-03-03 18:41:50] - ::1 - /admin
[2025-03-03 18:41:52] - ::1 - /admin
[2025-03-03 18:41:54] - ::1 - /admin
[2025-03-03 18:41:56] - ::1 - /admin
[2025-03-03 19:23:32] - ::1 - /admin
[2025-03-03 19:23:34] - ::1 - /admin
[2025-03-03 19:34:48] - ::1 - /admin
[2025-03-03 19:34:52] - ::1 - /admin
[2025-03-03 19:34:56] - ::1 - /admin
[2025-03-03 19:35:00] - ::1 - /admin
[2025-03-03 19:35:03] - ::1 - /admin
[2025-03-03 19:35:44] - ::1 - /admin
[2025-03-03 19:36:13] - ::1 - /admin
[2025-03-03 19:36:15] - ::1 - /admin
[2025-03-03 19:45:44] - ::1 - /admin
[2025-03-03 19:46:03] - ::1 - /admin
[2025-03-03 19:46:15] - ::1 - /admin
[2025-03-03 19:46:44] - ::1 - /admin
[2025-03-03 19:47:02] - ::1 - /admin
[2025-03-03 19:47:31] - ::1 - /admin
[2025-03-03 19:47:54] - ::1 - /admin
[2025-03-03 20:01:57] - ::1 - /admin
[2025-03-03 20:02:01] - ::1 - /admin
[2025-03-03 20:02:03] - ::1 - /admin
[2025-03-03 20:02:06] - ::1 - /admin
[2025-03-03 20:02:11] - ::1 - /admin
[2025-03-03 20:02:12] - ::1 - /admin
[2025-03-03 20:06:04] - ::1 - /admin
[2025-03-03 20:06:05] - ::1 - /admin
[2025-03-03 20:06:07] - ::1 - /admin
[2025-03-03 20:06:09] - ::1 - /admin
[2025-03-03 20:06:11] - ::1 - /admin
[2025-03-03 20:06:30] - ::1 - /admin
[2025-03-03 20:06:43] - ::1 - /admin
[2025-03-03 20:06:45] - ::1 - /admin
[2025-03-03 20:06:59] - ::1 - /admin
[2025-03-03 20:07:36] - ::1 - /admin
[2025-03-03 20:08:11] - ::1 - /admin
[2025-03-03 20:09:22] - ::1 - /admin
[2025-03-03 20:13:19] - ::1 - /admin
[2025-03-03 20:18:35] - ::1 - /admin
[2025-03-03 20:19:38] - ::1 - /admin
[2025-03-03 20:20:27] - ::1 - /admin
[2025-03-03 20:24:18] - ::1 - /admin
[2025-03-03 20:25:44] - ::1 - /admin
[2025-03-03 20:26:26] - ::1 - /admin
[2025-03-03 20:27:17] - ::1 - /admin
[2025-03-03 20:37:01] - ::1 - /admin
[2025-03-03 21:06:04] - ::1 - /admin
[2025-03-03 21:07:00] - ::1 - /admin
[2025-03-03 21:07:01] - ::1 - /admin
[2025-03-03 21:07:02] - ::1 - /admin
[2025-03-03 21:27:28] - ::1 - /admin
[2025-03-03 21:33:07] - ::1 - /admin
[2025-03-03 21:33:09] - ::1 - /admin
[2025-03-03 21:33:32] - ::1 - /admin
[2025-03-03 21:34:09] - ::1 - /admin
[2025-03-03 21:34:13] - ::1 - /admin
[2025-03-03 21:37:02] - ::1 - /admin
[2025-03-03 21:37:02] - ::1 - /admin
[2025-03-03 21:37:04] - ::1 - /admin
[2025-03-03 21:37:04] - ::1 - /admin
[2025-03-03 21:37:11] - ::1 - /admin
[2025-03-03 21:37:16] - ::1 - /admin
[2025-03-03 21:37:16] - ::1 - /admin
[2025-03-03 21:37:24] - ::1 - /admin
[2025-03-03 21:37:24] - ::1 - /admin
[2025-03-03 21:38:20] - ::1 - /admin
[2025-03-03 21:38:20] - ::1 - /admin
[2025-03-03 21:38:40] - ::1 - /admin
[2025-03-03 21:38:40] - ::1 - /admin
[2025-03-03 21:38:55] - ::1 - /admin
[2025-03-03 21:38:56] - ::1 - /admin
[2025-03-03 21:42:12] - ::1 - /admin
[2025-03-03 21:42:15] - ::1 - /admin
[2025-03-03 21:42:15] - ::1 - /admin
[2025-03-03 21:43:18] - ::1 - /admin
[2025-03-03 21:43:18] - ::1 - /admin
[2025-03-03 21:49:21] - ::1 - /admin
[2025-03-03 21:49:21] - ::1 - /admin
[2025-03-03 21:50:52] - ::1 - /admin
[2025-03-03 21:50:52] - ::1 - /admin
[2025-03-03 21:50:54] - ::1 - /admin
[2025-03-03 21:50:54] - ::1 - /admin
[2025-03-03 21:51:27] - ::1 - /admin
[2025-03-03 21:51:27] - ::1 - /admin
[2025-03-03 21:52:06] - ::1 - /admin
[2025-03-03 21:52:14] - ::1 - /admin
[2025-03-03 21:52:16] - ::1 - /admin
[2025-03-03 21:52:16] - ::1 - /admin
[2025-03-03 21:52:19] - ::1 - /admin
[2025-03-03 21:52:19] - ::1 - /admin
[2025-03-03 21:52:47] - ::1 - /admin
[2025-03-03 21:52:50] - ::1 - /admin
[2025-03-03 21:52:58] - ::1 - /admin
[2025-03-03 21:52:58] - ::1 - /admin
[2025-03-03 21:53:15] - ::1 - /admin
[2025-03-03 21:53:16] - ::1 - /admin
[2025-03-03 21:53:20] - ::1 - /admin
[2025-03-03 21:53:33] - ::1 - /admin
[2025-03-03 21:53:33] - ::1 - /admin
[2025-03-03 21:53:47] - ::1 - /admin
[2025-03-03 21:53:55] - ::1 - /admin
[2025-03-03 21:54:16] - ::1 - /admin
[2025-03-03 21:54:51] - ::1 - /admin
[2025-03-03 21:55:02] - ::1 - /admin
[2025-03-03 21:55:03] - ::1 - /admin
[2025-03-03 21:55:47] - ::1 - /admin
[2025-03-03 21:55:54] - ::1 - /admin
[2025-03-03 22:00:48] - ::1 - /admin
[2025-03-03 22:00:48] - ::1 - /admin
[2025-03-03 22:00:57] - ::1 - /admin
[2025-03-03 22:03:46] - ::1 - /admin
[2025-03-03 22:03:56] - ::1 - /admin
[2025-03-03 22:08:27] - ::1 - /admin
[2025-03-03 22:14:12] - ::1 - /admin
[2025-03-03 22:14:25] - ::1 - /admin
[2025-03-03 22:14:26] - ::1 - /admin
[2025-03-03 22:22:17] - ::1 - /admin
[2025-03-03 22:22:25] - ::1 - /admin
[2025-03-03 22:25:57] - ::1 - /admin
[2025-03-03 22:26:10] - ::1 - /admin
[2025-03-03 22:26:18] - ::1 - /admin
[2025-03-03 22:26:34] - ::1 - /admin
[2025-03-03 22:26:44] - ::1 - /admin
[2025-03-03 22:31:33] - ::1 - /admin
[2025-03-03 22:31:44] - ::1 - /admin
[2025-03-03 22:31:52] - ::1 - /admin
[2025-03-03 22:31:55] - ::1 - /admin
[2025-03-03 22:31:55] - ::1 - /admin
[2025-03-03 22:33:18] - ::1 - /admin
[2025-03-03 22:33:21] - ::1 - /admin
[2025-03-03 22:33:22] - ::1 - /admin
[2025-03-03 22:34:08] - ::1 - /admin
[2025-03-03 22:34:08] - ::1 - /admin
[2025-03-03 22:35:18] - ::1 - /admin
[2025-03-03 22:35:23] - ::1 - /admin
[2025-03-03 22:35:33] - ::1 - /admin
[2025-03-03 22:35:33] - ::1 - /admin
[2025-03-03 22:35:43] - ::1 - /admin
[2025-03-03 22:49:20] - ::1 - /admin
[2025-03-03 22:49:59] - ::1 - /admin
[2025-03-03 22:50:00] - ::1 - /admin
[2025-03-03 22:50:00] - ::1 - /admin
[2025-03-03 22:50:00] - ::1 - /admin
[2025-03-03 22:50:03] - ::1 - /admin
[2025-03-03 22:50:17] - ::1 - /admin
[2025-03-03 22:50:19] - ::1 - /admin
[2025-03-03 22:50:20] - ::1 - /admin
[2025-03-03 22:52:52] - ::1 - /admin
[2025-03-03 22:55:22] - ::1 - /admin
[2025-03-03 23:29:27] - ::1 - /admin
[2025-03-03 23:29:27] - ::1 - /admin
[2025-03-03 23:29:34] - ::1 - /admin
[2025-03-03 23:29:34] - ::1 - /admin
[2025-03-03 23:31:23] - ::1 - /admin
[2025-03-03 23:31:26] - ::1 - /admin
[2025-03-03 23:31:26] - ::1 - /admin
[2025-03-03 23:31:49] - ::1 - /admin
[2025-03-03 23:31:51] - ::1 - /admin
[2025-03-03 23:31:51] - ::1 - /admin
[2025-03-03 23:31:53] - ::1 - /admin
[2025-03-03 23:31:53] - ::1 - /admin
[2025-03-03 23:31:54] - ::1 - /admin
[2025-03-03 23:31:54] - ::1 - /admin
[2025-03-03 23:32:33] - ::1 - /admin
[2025-03-03 23:32:34] - ::1 - /admin
[2025-03-03 23:32:34] - ::1 - /admin
[2025-03-03 23:32:56] - ::1 - /admin
[2025-03-03 23:32:56] - ::1 - /admin
[2025-03-03 23:33:40] - ::1 - /admin
[2025-03-03 23:33:40] - ::1 - /admin
[2025-03-03 23:33:49] - ::1 - /admin
[2025-03-03 23:34:46] - ::1 - /admin
[2025-03-03 23:35:30] - ::1 - /admin
[2025-03-03 23:35:36] - ::1 - /admin
[2025-03-03 23:35:41] - ::1 - /admin
[2025-03-03 23:35:48] - ::1 - /admin
[2025-03-03 23:35:48] - ::1 - /admin
[2025-03-03 23:36:43] - ::1 - /admin
[2025-03-03 23:36:43] - ::1 - /admin
[2025-03-03 23:36:51] - ::1 - /admin
[2025-03-03 23:36:51] - ::1 - /admin
[2025-03-03 23:36:57] - ::1 - /admin
[2025-03-03 23:36:57] - ::1 - /admin
[2025-03-03 23:37:45] - ::1 - /admin
[2025-03-03 23:37:52] - ::1 - /admin
[2025-03-03 23:37:52] - ::1 - /admin
[2025-03-03 23:38:43] - ::1 - /admin
[2025-03-03 23:38:44] - ::1 - /admin
[2025-03-03 23:38:44] - ::1 - /admin
[2025-03-03 23:40:13] - ::1 - /admin
[2025-03-03 23:40:15] - ::1 - /admin
[2025-03-03 23:40:15] - ::1 - /admin
[2025-03-03 23:40:17] - ::1 - /admin
[2025-03-03 23:40:17] - ::1 - /admin
[2025-03-03 23:40:45] - ::1 - /admin
[2025-03-03 23:40:49] - ::1 - /admin
[2025-03-03 23:40:49] - ::1 - /admin
[2025-03-03 23:41:04] - ::1 - /admin
[2025-03-03 23:41:04] - ::1 - /admin
[2025-03-03 23:41:08] - ::1 - /admin
[2025-03-03 23:41:08] - ::1 - /admin
[2025-03-03 23:41:13] - ::1 - /admin
[2025-03-03 23:41:13] - ::1 - /admin
[2025-03-03 23:42:50] - ::1 - /admin
[2025-03-03 23:42:50] - ::1 - /admin
[2025-03-03 23:43:01] - ::1 - /admin
[2025-03-03 23:43:01] - ::1 - /admin
[2025-03-03 23:43:06] - ::1 - /admin
[2025-03-03 23:43:06] - ::1 - /admin
[2025-03-03 23:44:03] - ::1 - /admin
[2025-03-04 00:04:14] - ::1 - /admin
[2025-03-04 00:04:16] - ::1 - /admin
[2025-03-04 00:04:17] - ::1 - /admin
[2025-03-04 00:04:23] - ::1 - /admin
[2025-03-06 00:33:41] - ::1 - /admin
[2025-03-06 00:34:05] - ::1 - /admin
[2025-03-06 00:34:06] - ::1 - /admin
[2025-03-06 00:34:11] - ::1 - /admin
[2025-03-06 00:34:11] - ::1 - /admin
[2025-03-06 00:34:16] - ::1 - /admin
[2025-03-08 10:00:16] - ::1 - /admin
[2025-03-08 10:01:16] - ::1 - /admin
[2025-03-08 10:01:36] - ::1 - /admin
[2025-03-08 10:02:03] - ::1 - /admin
[2025-03-08 10:02:30] - ::1 - /admin
[2025-03-08 10:02:42] - ::1 - /admin
[2025-03-08 10:03:02] - ::1 - /admin
[2025-03-08 10:04:20] - ::1 - /admin
[2025-03-08 10:46:06] - ::1 - /admin
[2025-03-08 19:27:44] - ::1 - /admin
[2025-03-08 19:28:31] - ::1 - /admin
[2025-03-08 19:28:31] - ::1 - /admin
[2025-03-08 19:28:31] - ::1 - /admin
[2025-03-08 19:28:32] - ::1 - /admin
[2025-03-08 19:28:37] - ::1 - /admin
[2025-03-08 20:39:17] - ::1 - /admin
[2025-03-08 21:34:10] - ::1 - /admin
[2025-03-11 00:38:12] - ::1 - /admin
[2025-03-08 17:30:25] - ::1 - /admin
[2025-03-08 17:30:29] - ::1 - /admin
[2025-03-08 17:30:41] - ::1 - /admin
[2025-03-08 17:31:03] - ::1 - /admin
[2025-03-08 17:31:08] - ::1 - /admin
[2025-03-08 17:31:14] - ::1 - /admin
[2025-03-08 22:15:48] - ::1 - /admin
[2025-03-08 22:16:00] - ::1 - /admin
[2025-03-09 00:14:18] - ::1 - /admin
[2025-03-09 00:14:24] - ::1 - /admin
[2025-03-09 00:14:25] - ::1 - /admin
[2025-03-09 00:14:25] - ::1 - /admin
[2025-03-09 00:14:33] - ::1 - /admin
[2025-03-09 00:14:36] - ::1 - /admin
[2025-03-09 00:14:39] - ::1 - /admin
[2025-03-09 00:14:40] - ::1 - /admin
[2025-03-09 00:14:45] - ::1 - /admin
[2025-03-09 01:05:19] - ::1 - /admin
[2025-03-09 01:05:19] - ::1 - /admin
[2025-03-09 01:05:20] - ::1 - /admin
[2025-03-09 01:05:22] - ::1 - /admin
[2025-03-09 01:05:22] - ::1 - /admin
[2025-03-09 01:05:23] - ::1 - /admin
[2025-03-09 01:05:24] - ::1 - /admin
[2025-03-09 01:05:24] - ::1 - /admin
[2025-03-09 01:05:25] - ::1 - /admin
[2025-03-09 01:05:26] - ::1 - /admin
[2025-03-09 01:05:26] - ::1 - /admin
[2025-03-09 01:05:27] - ::1 - /admin
[2025-03-09 01:05:28] - ::1 - /admin
[2025-03-09 01:05:29] - ::1 - /admin
[2025-03-09 01:05:30] - ::1 - /admin
[2025-03-09 01:05:30] - ::1 - /admin
[2025-03-09 01:05:32] - ::1 - /admin
[2025-03-09 01:05:32] - ::1 - /admin
[2025-03-09 01:05:34] - ::1 - /admin
[2025-03-09 01:05:54] - ::1 - /admin
[2025-03-09 01:09:16] - ::1 - /admin
[2025-03-09 01:09:16] - ::1 - /admin
[2025-03-09 01:09:17] - ::1 - /admin
[2025-03-09 01:09:17] - ::1 - /admin
[2025-03-09 01:09:18] - ::1 - /admin
[2025-03-09 01:09:19] - ::1 - /admin
[2025-03-09 01:09:19] - ::1 - /admin
[2025-03-09 01:09:20] - ::1 - /admin
[2025-03-09 01:09:20] - ::1 - /admin
[2025-03-09 01:09:21] - ::1 - /admin
[2025-03-09 01:09:21] - ::1 - /admin
[2025-03-09 01:09:22] - ::1 - /admin
[2025-03-09 01:09:23] - ::1 - /admin
[2025-03-09 01:09:23] - ::1 - /admin
[2025-03-09 01:09:24] - ::1 - /admin
[2025-03-09 01:09:24] - ::1 - /admin
[2025-03-09 01:09:25] - ::1 - /admin
[2025-03-09 01:09:25] - ::1 - /admin
[2025-03-09 01:09:25] - ::1 - /admin
[2025-03-09 01:09:26] - ::1 - /admin
[2025-03-09 01:09:27] - ::1 - /admin
[2025-03-09 01:09:27] - ::1 - /admin
[2025-03-09 01:09:28] - ::1 - /admin
[2025-03-09 01:09:28] - ::1 - /admin
[2025-03-09 01:09:29] - ::1 - /admin
[2025-03-09 01:09:30] - ::1 - /admin
[2025-03-09 01:10:11] - ::1 - /admin
[2025-03-09 01:11:27] - ::1 - /admin
[2025-03-09 01:11:59] - 192.168.100.206 - /admin
[2025-03-09 01:11:59] - ::1 - /admin
[2025-03-09 01:12:11] - 192.168.100.206 - /admin
[2025-03-09 01:12:12] - ::1 - /admin
[2025-03-09 01:12:39] - ::1 - /admin
[2025-03-09 01:12:47] - ::1 - /admin
[2025-03-09 01:13:24] - ::1 - /admin
[2025-03-09 01:13:58] - ::1 - /admin
[2025-03-09 01:14:00] - ::1 - /admin
[2025-03-09 01:14:56] - ::1 - /admin
[2025-03-09 01:15:19] - ::1 - /admin
[2025-03-09 01:15:37] - ::1 - /admin
[2025-03-09 01:15:51] - ::1 - /admin
[2025-03-09 01:15:54] - ::1 - /admin
[2025-03-09 01:17:45] - ::1 - /admin
[2025-03-09 01:18:36] - ::1 - /admin
[2025-03-09 01:18:53] - ::1 - /admin
[2025-03-09 01:18:54] - ::1 - /admin
[2025-03-09 01:18:57] - ::1 - /admin
[2025-03-09 01:18:59] - ::1 - /admin
[2025-03-09 01:21:20] - ::1 - /admin
[2025-03-09 01:22:02] - ::1 - /admin
[2025-03-09 01:22:03] - ::1 - /admin
[2025-03-09 01:22:03] - ::1 - /admin
[2025-03-09 01:22:04] - ::1 - /admin
[2025-03-09 01:22:05] - ::1 - /admin
[2025-03-09 01:22:05] - ::1 - /admin
[2025-03-09 01:22:06] - ::1 - /admin
[2025-03-09 01:22:07] - ::1 - /admin
[2025-03-09 01:22:07] - ::1 - /admin
[2025-03-09 01:22:08] - ::1 - /admin
[2025-03-09 01:22:08] - ::1 - /admin
[2025-03-09 01:22:09] - ::1 - /admin
[2025-03-09 01:22:10] - ::1 - /admin
[2025-03-09 01:22:10] - ::1 - /admin
[2025-03-09 01:22:11] - ::1 - /admin
[2025-03-09 01:22:12] - ::1 - /admin
[2025-03-09 01:22:13] - ::1 - /admin
[2025-03-09 01:22:20] - ::1 - /admin
[2025-03-09 01:26:43] - ::1 - /admin
[2025-03-09 01:28:26] - ::1 - /admin[2025-03-13 01:59:26] - ::1 - /admin
[2025-03-13 02:00:05] - ::1 - /admin
[2025-03-13 02:00:12] - ::1 - /admin
[2025-03-16 00:00:19] - ::1 - /admin
[2025-03-16 00:00:30] - ::1 - /admin
[2025-03-16 00:00:35] - ::1 - /admin
